Using pre-set license
Built from '2022.1/staging' branch; Version is '2022.1.4f1 (76dd1f94b339) revision 7789855'; Using compiler version '192829333'; Build Type 'Release'
OS: 'Windows 10  (10.0.19044) 64bit Enterprise' Language: 'en' Physical Memory: 32512 MB
BatchMode: 1, IsHumanControllingUs: 0, StartBugReporterOnCrash: 0, Is64bit: 1, IsPro: 1

COMMAND LINE ARGUMENTS:
C:\Program Files\Unity 2022.1.4f1\Editor\Unity.exe
-adb2
-batchMode
-noUpm
-name
AssetImportWorker3
-projectPath
C:/Users/e021351l/Documents/GitHub/P3_Platformer
-logFile
Logs/AssetImportWorker3.log
-srvPort
62629
Successfully changed project path to: C:/Users/e021351l/Documents/GitHub/P3_Platformer
C:/Users/e021351l/Documents/GitHub/P3_Platformer
[UnityMemory] Configuration Parameters - Can be set up in boot.config
    "memorysetup-bucket-allocator-granularity=16"
    "memorysetup-bucket-allocator-bucket-count=8"
    "memorysetup-bucket-allocator-block-size=33554432"
    "memorysetup-bucket-allocator-block-count=8"
    "memorysetup-main-allocator-block-size=16777216"
    "memorysetup-thread-allocator-block-size=16777216"
    "memorysetup-gfx-main-allocator-block-size=16777216"
    "memorysetup-gfx-thread-allocator-block-size=16777216"
    "memorysetup-cache-allocator-block-size=4194304"
    "memorysetup-typetree-allocator-block-size=2097152"
    "memorysetup-profiler-bucket-allocator-granularity=16"
    "memorysetup-profiler-bucket-allocator-bucket-count=8"
    "memorysetup-profiler-bucket-allocator-block-size=33554432"
    "memorysetup-profiler-bucket-allocator-block-count=8"
    "memorysetup-profiler-allocator-block-size=16777216"
    "memorysetup-profiler-editor-allocator-block-size=1048576"
    "memorysetup-temp-allocator-size-main=16777216"
    "memorysetup-job-temp-allocator-block-size=2097152"
    "memorysetup-job-temp-allocator-block-size-background=1048576"
    "memorysetup-job-temp-allocator-reduction-small-platforms=262144"
    "memorysetup-temp-allocator-size-background-worker=32768"
    "memorysetup-temp-allocator-size-job-worker=262144"
    "memorysetup-temp-allocator-size-preload-manager=33554432"
    "memorysetup-temp-allocator-size-nav-mesh-worker=65536"
    "memorysetup-temp-allocator-size-audio-worker=65536"
    "memorysetup-temp-allocator-size-cloud-worker=32768"
    "memorysetup-temp-allocator-size-gi-baking-worker=262144"
    "memorysetup-temp-allocator-size-gfx=262144"
Refreshing native plugins compatible for Editor in 49.14 ms, found 3 plugins.
Preloading 0 native plugins for Editor in 0.00 ms.
Initialize engine version: 2022.1.4f1 (76dd1f94b339)
[Subsystems] Discovering subsystems at path C:/Program Files/Unity 2022.1.4f1/Editor/Data/Resources/UnitySubsystems
[Subsystems] Discovering subsystems at path C:/Users/e021351l/Documents/GitHub/P3_Platformer/Assets
GfxDevice: creating device client; threaded=0; jobified=0
Direct3D:
    Version:  Direct3D 11.0 [level 11.1]
    Renderer: NVIDIA GeForce RTX 3080 (ID=0x2216)
    Vendor:   NVIDIA
    VRAM:     10067 MB
    Driver:   31.0.15.2802
Initialize mono
Mono path[0] = 'C:/Program Files/Unity 2022.1.4f1/Editor/Data/Managed'
Mono path[1] = 'C:/Program Files/Unity 2022.1.4f1/Editor/Data/MonoBleedingEdge/lib/mono/unityjit-win32'
Mono config path = 'C:/Program Files/Unity 2022.1.4f1/Editor/Data/MonoBleedingEdge/etc'
Using monoOptions --debugger-agent=transport=dt_socket,embedding=1,server=y,suspend=n,address=127.0.0.1:56096
Begin MonoManager ReloadAssembly
Registering precompiled unity dll's ...
Register platform support module: C:/Program Files/Unity 2022.1.4f1/Editor/Data/PlaybackEngines/WebGLSupport/UnityEditor.WebGL.Extensions.dll
Register platform support module: C:/Program Files/Unity 2022.1.4f1/Editor/Data/PlaybackEngines/AndroidPlayer/UnityEditor.Android.Extensions.dll
Register platform support module: C:/Program Files/Unity 2022.1.4f1/Editor/Data/PlaybackEngines/WindowsStandaloneSupport/UnityEditor.WindowsStandalone.Extensions.dll
Registered in 0.004245 seconds.
Native extension for WindowsStandalone target not found
Native extension for Android target not found
Native extension for WebGL target not found
Refreshing native plugins compatible for Editor in 37.64 ms, found 3 plugins.
Preloading 0 native plugins for Editor in 0.00 ms.
Mono: successfully reloaded assembly
- Completed reload, in  0.497 seconds
Domain Reload Profiling:
	ReloadAssembly (497ms)
		BeginReloadAssembly (63ms)
			ExecutionOrderSort (0ms)
			DisableScriptedObjects (0ms)
			BackupInstance (0ms)
			ReleaseScriptingObjects (0ms)
			CreateAndSetChildDomain (1ms)
		EndReloadAssembly (348ms)
			LoadAssemblies (61ms)
			RebuildTransferFunctionScriptingTraits (0ms)
			SetupTypeCache (96ms)
				TypeCache.Initialize (95ms)
					TypeCache.ScanAssembly (94ms)
				ResolveRequiredComponents (0ms)
			ReleaseScriptCaches (0ms)
			RebuildScriptCaches (20ms)
			SetupLoadedEditorAssemblies (192ms)
				LogAssemblyErrors (0ms)
				InitializePlatformSupportModulesInManaged (35ms)
				SetLoadedEditorAssemblies (4ms)
				RefreshPlugins (38ms)
				BeforeProcessingInitializeOnLoad (1ms)
				ProcessInitializeOnLoadAttributes (82ms)
				ProcessInitializeOnLoadMethodAttributes (32ms)
				AfterProcessingInitializeOnLoad (0ms)
				EditorAssembliesLoaded (0ms)
			ExecutionOrderSort2 (0ms)
			AwakeInstancesAfterBackupRestoration (0ms)
Platform modules already initialized, skipping
Registering precompiled user dll's ...
Registered in 0.004941 seconds.
Begin MonoManager ReloadAssembly
Native extension for WindowsStandalone target not found
Native extension for Android target not found
Native extension for WebGL target not found
Refreshing native plugins compatible for Editor in 33.76 ms, found 3 plugins.
Preloading 0 native plugins for Editor in 0.00 ms.
Mono: successfully reloaded assembly
- Completed reload, in  0.816 seconds
Domain Reload Profiling:
	ReloadAssembly (816ms)
		BeginReloadAssembly (93ms)
			ExecutionOrderSort (0ms)
			DisableScriptedObjects (4ms)
			BackupInstance (0ms)
			ReleaseScriptingObjects (0ms)
			CreateAndSetChildDomain (19ms)
		EndReloadAssembly (631ms)
			LoadAssemblies (65ms)
			RebuildTransferFunctionScriptingTraits (0ms)
			SetupTypeCache (172ms)
				TypeCache.Initialize (169ms)
					TypeCache.ScanAssembly (167ms)
				ResolveRequiredComponents (3ms)
			ReleaseScriptCaches (0ms)
			RebuildScriptCaches (39ms)
			SetupLoadedEditorAssemblies (319ms)
				LogAssemblyErrors (0ms)
				InitializePlatformSupportModulesInManaged (10ms)
				SetLoadedEditorAssemblies (4ms)
				RefreshPlugins (34ms)
				BeforeProcessingInitializeOnLoad (51ms)
				ProcessInitializeOnLoadAttributes (186ms)
				ProcessInitializeOnLoadMethodAttributes (28ms)
				AfterProcessingInitializeOnLoad (6ms)
				EditorAssembliesLoaded (0ms)
			ExecutionOrderSort2 (0ms)
			AwakeInstancesAfterBackupRestoration (4ms)
Platform modules already initialized, skipping
========================================================================
Worker process is ready to serve import requests
Launched and connected shader compiler UnityShaderCompiler.exe after 0.04 seconds
Refreshing native plugins compatible for Editor in 0.87 ms, found 3 plugins.
Preloading 0 native plugins for Editor in 0.00 ms.
Unloading 2524 Unused Serialized files (Serialized files now loaded: 0)
Unloading 47 unused Assets / (130.7 KB). Loaded Objects now: 2988.
Memory consumption went from 416.6 MB to 416.4 MB.
Total: 4.256000 ms (FindLiveObjects: 0.244200 ms CreateObjectMapping: 0.251700 ms MarkObjects: 3.628900 ms  DeleteObjects: 0.129600 ms)

AssetImportParameters requested are different than current active one (requested -> active):
  custom:video-decoder-ogg-theora: a1e56fd34408186e4bbccfd4996cb3dc -> 
  custom:container-muxer-webm: aa71ff27fc2769a1b78a27578f13a17b -> 
  custom:container-demuxer-webm: 4f35f7cbe854078d1ac9338744f61a02 -> 
  custom:video-encoder-webm-vp8: eb34c28f22e8b96e1ab97ce403110664 -> 
  custom:audio-encoder-webm-vorbis: bf7c407c2cedff20999df2af8eb42d56 -> 
  custom:framework-win-MediaFoundation: 216162199b28c13a410421893ffa2e32 -> 
  custom:container-demuxer-ogg: 62fdf1f143b41e24485cea50d1cbac27 -> 
  custom:video-decoder-webm-vp8: 9c59270c3fd7afecdb556c50c9e8de78 -> 
  custom:audio-decoder-ogg-vorbis: bf7c407c2cedff20999df2af8eb42d56 -> 
========================================================================
Received Import Request.
  Time since last request: 67871.860518 seconds.
  path: Assets/Palettes/Forest/platformer tiles_82.asset
  artifactKey: Guid(ba76cc9d02df16a4687b67b2b38c553a) Importer(815301076,1909f56bfc062723c751e8b465ee728b)
Start importing Assets/Palettes/Forest/platformer tiles_82.asset using Guid(ba76cc9d02df16a4687b67b2b38c553a) Importer(815301076,1909f56bfc062723c751e8b465ee728b)  -> (artifact id: '66d1f37bd4ad13b44925c21236b0e4df') in 0.062786 seconds 
========================================================================
Received Import Request.
  Time since last request: 0.000029 seconds.
  path: Assets/Palettes/Forest/platformer tiles_83.asset
  artifactKey: Guid(0c8a554a0a72bd04ab97a62e6892cb8a) Importer(815301076,1909f56bfc062723c751e8b465ee728b)
Start importing Assets/Palettes/Forest/platformer tiles_83.asset using Guid(0c8a554a0a72bd04ab97a62e6892cb8a) Importer(815301076,1909f56bfc062723c751e8b465ee728b)  -> (artifact id: '2d4d19880444a249dc8dc8bfc92f0cd0') in 0.015096 seconds 
========================================================================
Received Import Request.
  Time since last request: 0.023718 seconds.
  path: Assets/Palettes/Forest/platformer tiles_98.asset
  artifactKey: Guid(dbb7e3b0bbf3a274ea3ef0fbf4c2da1e) Importer(815301076,1909f56bfc062723c751e8b465ee728b)
Start importing Assets/Palettes/Forest/platformer tiles_98.asset using Guid(dbb7e3b0bbf3a274ea3ef0fbf4c2da1e) Importer(815301076,1909f56bfc062723c751e8b465ee728b)  -> (artifact id: '4108846e47f8849b16929e2f858dcd9e') in 0.013728 seconds 
========================================================================
Received Import Request.
  Time since last request: 0.000025 seconds.
  path: Assets/Palettes/Forest/platformer tiles_102.asset
  artifactKey: Guid(0fbe4fe03cc97bb45885d8d1a7c63177) Importer(815301076,1909f56bfc062723c751e8b465ee728b)
Start importing Assets/Palettes/Forest/platformer tiles_102.asset using Guid(0fbe4fe03cc97bb45885d8d1a7c63177) Importer(815301076,1909f56bfc062723c751e8b465ee728b)  -> (artifact id: '32fea6ff0dc4837e833df99b2b64763a') in 0.013445 seconds 
========================================================================
Received Import Request.
  Time since last request: 0.000015 seconds.
  path: Assets/Palettes/Forest/platformer tiles_105.asset
  artifactKey: Guid(e01b11d81a15e034e8efce2237aa8d2c) Importer(815301076,1909f56bfc062723c751e8b465ee728b)
Start importing Assets/Palettes/Forest/platformer tiles_105.asset using Guid(e01b11d81a15e034e8efce2237aa8d2c) Importer(815301076,1909f56bfc062723c751e8b465ee728b)  -> (artifact id: '63d0970abbc0cd8a2ed1df21490d861e') in 0.012563 seconds 
========================================================================
Received Import Request.
  Time since last request: 0.000025 seconds.
  path: Assets/Palettes/Forest/platformer tiles_109.asset
  artifactKey: Guid(e8ce37bf91bc32c44bf677a4b522db0b) Importer(815301076,1909f56bfc062723c751e8b465ee728b)
Start importing Assets/Palettes/Forest/platformer tiles_109.asset using Guid(e8ce37bf91bc32c44bf677a4b522db0b) Importer(815301076,1909f56bfc062723c751e8b465ee728b)  -> (artifact id: '5e681119a97e1f98c65806c97a7f81bf') in 0.013154 seconds 
========================================================================
Received Import Request.
  Time since last request: 0.018220 seconds.
  path: Assets/Palettes/Forest/platformer tiles_114.asset
  artifactKey: Guid(14a1512e42ff814448ffb2b9b962a981) Importer(815301076,1909f56bfc062723c751e8b465ee728b)
Start importing Assets/Palettes/Forest/platformer tiles_114.asset using Guid(14a1512e42ff814448ffb2b9b962a981) Importer(815301076,1909f56bfc062723c751e8b465ee728b)  -> (artifact id: '95500b2e6abd1a1a3359e012a647b929') in 0.013685 seconds 
========================================================================
Received Import Request.
  Time since last request: 0.000016 seconds.
  path: Assets/Palettes/Forest/platformer tiles_118.asset
  artifactKey: Guid(f6d67b3f2810f724dabe4dbb984bcc33) Importer(815301076,1909f56bfc062723c751e8b465ee728b)
Start importing Assets/Palettes/Forest/platformer tiles_118.asset using Guid(f6d67b3f2810f724dabe4dbb984bcc33) Importer(815301076,1909f56bfc062723c751e8b465ee728b)  -> (artifact id: '24f2e6ea44c88b6ed3dc261c763c6082') in 0.014823 seconds 
========================================================================
Received Import Request.
  Time since last request: 0.000017 seconds.
  path: Assets/Palettes/Forest/platformer tiles_122.asset
  artifactKey: Guid(cb71afccba0ce75469319602c78d9175) Importer(815301076,1909f56bfc062723c751e8b465ee728b)
Start importing Assets/Palettes/Forest/platformer tiles_122.asset using Guid(cb71afccba0ce75469319602c78d9175) Importer(815301076,1909f56bfc062723c751e8b465ee728b)  -> (artifact id: 'cc14a3da6765a62b1f32898cb4186260') in 0.014618 seconds 
========================================================================
Received Import Request.
  Time since last request: 0.000017 seconds.
  path: Assets/Palettes/Forest/platformer tiles_125.asset
  artifactKey: Guid(33e4c6ec35aefc048956e8ee8b85173f) Importer(815301076,1909f56bfc062723c751e8b465ee728b)
Start importing Assets/Palettes/Forest/platformer tiles_125.asset using Guid(33e4c6ec35aefc048956e8ee8b85173f) Importer(815301076,1909f56bfc062723c751e8b465ee728b)  -> (artifact id: 'a4867120e587d7a04106ac00f5a03a84') in 0.015255 seconds 
========================================================================
Received Import Request.
  Time since last request: 0.000023 seconds.
  path: Assets/Palettes/Forest/platformer tiles_130.asset
  artifactKey: Guid(b3173ee4392df0d47a3944c57e21fe87) Importer(815301076,1909f56bfc062723c751e8b465ee728b)
Start importing Assets/Palettes/Forest/platformer tiles_130.asset using Guid(b3173ee4392df0d47a3944c57e21fe87) Importer(815301076,1909f56bfc062723c751e8b465ee728b)  -> (artifact id: '8f5c535fb0dcccc44ef48230cce27442') in 0.014535 seconds 
========================================================================
Received Import Request.
  Time since last request: 0.000024 seconds.
  path: Assets/Palettes/Forest/platformer tiles_137.asset
  artifactKey: Guid(4787a24495bf80548b7246496c016e36) Importer(815301076,1909f56bfc062723c751e8b465ee728b)
Start importing Assets/Palettes/Forest/platformer tiles_137.asset using Guid(4787a24495bf80548b7246496c016e36) Importer(815301076,1909f56bfc062723c751e8b465ee728b)  -> (artifact id: '38c52eaccb70b8cb888fa98f7e336ba6') in 0.016611 seconds 
========================================================================
Received Import Request.
  Time since last request: 0.000019 seconds.
  path: Assets/Palettes/Forest/platformer tiles_140.asset
  artifactKey: Guid(3e5e4c2718b9a2f4cb5434d20cde5f34) Importer(815301076,1909f56bfc062723c751e8b465ee728b)
Start importing Assets/Palettes/Forest/platformer tiles_140.asset using Guid(3e5e4c2718b9a2f4cb5434d20cde5f34) Importer(815301076,1909f56bfc062723c751e8b465ee728b)  -> (artifact id: '3c71e42de4e7de5cdedba1591aaefe38') in 0.014461 seconds 
========================================================================
Received Import Request.
  Time since last request: 0.000032 seconds.
  path: Assets/Palettes/Forest/platformer tiles_134.asset
  artifactKey: Guid(72b684144953d2b4eb5a17191e7793b0) Importer(815301076,1909f56bfc062723c751e8b465ee728b)
Start importing Assets/Palettes/Forest/platformer tiles_134.asset using Guid(72b684144953d2b4eb5a17191e7793b0) Importer(815301076,1909f56bfc062723c751e8b465ee728b)  -> (artifact id: '0e98f27af766b108926e3195ba1155b9') in 0.014592 seconds 
========================================================================
Received Import Request.
  Time since last request: 0.007327 seconds.
  path: Assets/Palettes/Forest/platformer tiles_146.asset
  artifactKey: Guid(ae68b46b0bd44934db3211bc0b90cee2) Importer(815301076,1909f56bfc062723c751e8b465ee728b)
Start importing Assets/Palettes/Forest/platformer tiles_146.asset using Guid(ae68b46b0bd44934db3211bc0b90cee2) Importer(815301076,1909f56bfc062723c751e8b465ee728b)  -> (artifact id: 'd0f4a725f16ec62300df8107b8259f08') in 0.012640 seconds 
========================================================================
Received Import Request.
  Time since last request: 0.000023 seconds.
  path: Assets/Palettes/Forest/platformer tiles_150.asset
  artifactKey: Guid(6234aeb87300aeb47815b57172b5ca44) Importer(815301076,1909f56bfc062723c751e8b465ee728b)
Start importing Assets/Palettes/Forest/platformer tiles_150.asset using Guid(6234aeb87300aeb47815b57172b5ca44) Importer(815301076,1909f56bfc062723c751e8b465ee728b)  -> (artifact id: '8491af23d3f0d3f72f50ab716c98e5a7') in 0.012067 seconds 
========================================================================
Received Import Request.
  Time since last request: 0.000026 seconds.
  path: Assets/Palettes/Forest/platformer tiles_154.asset
  artifactKey: Guid(939c8a4e45947bd49ba3b6bc4e058179) Importer(815301076,1909f56bfc062723c751e8b465ee728b)
Start importing Assets/Palettes/Forest/platformer tiles_154.asset using Guid(939c8a4e45947bd49ba3b6bc4e058179) Importer(815301076,1909f56bfc062723c751e8b465ee728b)  -> (artifact id: 'c9864df3fbcb8bddbd2458b462a45a0b') in 0.015445 seconds 
========================================================================
Received Import Request.
  Time since last request: 0.000019 seconds.
  path: Assets/Palettes/Forest/platformer tiles_158.asset
  artifactKey: Guid(71acb6a60ba3ec44eb3f309f1a1f9587) Importer(815301076,1909f56bfc062723c751e8b465ee728b)
Start importing Assets/Palettes/Forest/platformer tiles_158.asset using Guid(71acb6a60ba3ec44eb3f309f1a1f9587) Importer(815301076,1909f56bfc062723c751e8b465ee728b)  -> (artifact id: '72daaf7c7d71266c0cb4cda80a03b0f1') in 0.015195 seconds 
========================================================================
Received Import Request.
  Time since last request: 0.497675 seconds.
  path: Assets/Palettes/Forest/platformer tiles_162.asset
  artifactKey: Guid(bb3fd1006dd27fa4b80860090024f895) Importer(815301076,1909f56bfc062723c751e8b465ee728b)
Start importing Assets/Palettes/Forest/platformer tiles_162.asset using Guid(bb3fd1006dd27fa4b80860090024f895) Importer(815301076,1909f56bfc062723c751e8b465ee728b)  -> (artifact id: '16dc4d19dd57444c55b76cf1e0bc5923') in 0.013281 seconds 
========================================================================
Received Import Request.
  Time since last request: 0.000548 seconds.
  path: Assets/Palettes/Forest/platformer tiles_166.asset
  artifactKey: Guid(f57312d8488f45747b500be72f0de4e4) Importer(815301076,1909f56bfc062723c751e8b465ee728b)
Start importing Assets/Palettes/Forest/platformer tiles_166.asset using Guid(f57312d8488f45747b500be72f0de4e4) Importer(815301076,1909f56bfc062723c751e8b465ee728b)  -> (artifact id: '6a8fd67916f81ef1c96c0788f7ff5fae') in 0.016696 seconds 
========================================================================
Received Import Request.
  Time since last request: 0.000030 seconds.
  path: Assets/Palettes/Forest/platformer tiles_170.asset
  artifactKey: Guid(71167c029ff76b749b19e10e5b214f6b) Importer(815301076,1909f56bfc062723c751e8b465ee728b)
Start importing Assets/Palettes/Forest/platformer tiles_170.asset using Guid(71167c029ff76b749b19e10e5b214f6b) Importer(815301076,1909f56bfc062723c751e8b465ee728b)  -> (artifact id: '49878f21dfc7a70de988e11d5b47e0f8') in 0.014080 seconds 
========================================================================
Received Import Request.
  Time since last request: 0.024643 seconds.
  path: Assets/Palettes/Forest/platformer tiles_178.asset
  artifactKey: Guid(97537eebd455d7b4f9439ab9636cc120) Importer(815301076,1909f56bfc062723c751e8b465ee728b)
Start importing Assets/Palettes/Forest/platformer tiles_178.asset using Guid(97537eebd455d7b4f9439ab9636cc120) Importer(815301076,1909f56bfc062723c751e8b465ee728b)  -> (artifact id: '85d30d27d32d007bca0bf6ca58e3e5ba') in 0.014489 seconds 
========================================================================
Received Import Request.
  Time since last request: 0.000021 seconds.
  path: Assets/Palettes/Forest/platformer tiles_182.asset
  artifactKey: Guid(7982192f1fa4e874ab3a2c2809a648c3) Importer(815301076,1909f56bfc062723c751e8b465ee728b)
Start importing Assets/Palettes/Forest/platformer tiles_182.asset using Guid(7982192f1fa4e874ab3a2c2809a648c3) Importer(815301076,1909f56bfc062723c751e8b465ee728b)  -> (artifact id: '7072d7ff1e97a9e4bad740f007a96cc2') in 0.013746 seconds 
========================================================================
Received Import Request.
  Time since last request: 0.000019 seconds.
  path: Assets/Palettes/Forest/platformer tiles_186.asset
  artifactKey: Guid(b9011996f6128554caea074b172eec79) Importer(815301076,1909f56bfc062723c751e8b465ee728b)
Start importing Assets/Palettes/Forest/platformer tiles_186.asset using Guid(b9011996f6128554caea074b172eec79) Importer(815301076,1909f56bfc062723c751e8b465ee728b)  -> (artifact id: '435bdced327e375c1cbcfb04f9bdfdb0') in 0.013109 seconds 
========================================================================
Received Import Request.
  Time since last request: 0.000018 seconds.
  path: Assets/Palettes/Forest/platformer tiles_188.asset
  artifactKey: Guid(0996bf9152a398e41a73c9fc11c9392c) Importer(815301076,1909f56bfc062723c751e8b465ee728b)
Start importing Assets/Palettes/Forest/platformer tiles_188.asset using Guid(0996bf9152a398e41a73c9fc11c9392c) Importer(815301076,1909f56bfc062723c751e8b465ee728b)  -> (artifact id: 'a2683ed14eea882fa7926fc976222885') in 0.013332 seconds 
========================================================================
Received Import Request.
  Time since last request: 0.000022 seconds.
  path: Assets/Palettes/Forest/tileset-sliced_2.asset
  artifactKey: Guid(be06f0f02e8e42045ac25b0ceb768b23) Importer(815301076,1909f56bfc062723c751e8b465ee728b)
Start importing Assets/Palettes/Forest/tileset-sliced_2.asset using Guid(be06f0f02e8e42045ac25b0ceb768b23) Importer(815301076,1909f56bfc062723c751e8b465ee728b)  -> (artifact id: '5e9cb7e829ca73b8f629244b2b7fe2f0') in 0.014560 seconds 
========================================================================
Received Import Request.
  Time since last request: 0.000031 seconds.
  path: Assets/Palettes/Forest/tileset-sliced_7.asset
  artifactKey: Guid(4af28615f3d732d40bdd3dca8826462e) Importer(815301076,1909f56bfc062723c751e8b465ee728b)
Start importing Assets/Palettes/Forest/tileset-sliced_7.asset using Guid(4af28615f3d732d40bdd3dca8826462e) Importer(815301076,1909f56bfc062723c751e8b465ee728b)  -> (artifact id: '80bd3b92ebb5b2b84e632c8a9cdd0f44') in 0.011748 seconds 
========================================================================
Received Import Request.
  Time since last request: 0.000021 seconds.
  path: Assets/Palettes/Forest/tileset-sliced_11.asset
  artifactKey: Guid(f2fafe0e1aa69694c94f767c76f6f06f) Importer(815301076,1909f56bfc062723c751e8b465ee728b)
Start importing Assets/Palettes/Forest/tileset-sliced_11.asset using Guid(f2fafe0e1aa69694c94f767c76f6f06f) Importer(815301076,1909f56bfc062723c751e8b465ee728b)  -> (artifact id: 'dbb15eed530b7e9cbd7b0e3d59ff24ac') in 0.011852 seconds 
========================================================================
Received Import Request.
  Time since last request: 0.000019 seconds.
  path: Assets/Palettes/Forest/tileset-sliced_15.asset
  artifactKey: Guid(3db493ce9801a5046afd542e8af09579) Importer(815301076,1909f56bfc062723c751e8b465ee728b)
Start importing Assets/Palettes/Forest/tileset-sliced_15.asset using Guid(3db493ce9801a5046afd542e8af09579) Importer(815301076,1909f56bfc062723c751e8b465ee728b)  -> (artifact id: '7d21a9f1cb48ad89cbbabeda2367123b') in 0.011983 seconds 
========================================================================
Received Import Request.
  Time since last request: 0.000017 seconds.
  path: Assets/Palettes/Forest/tileset-sliced_19.asset
  artifactKey: Guid(7657a55853a3d6a42a6bde3ac0a7055d) Importer(815301076,1909f56bfc062723c751e8b465ee728b)
Start importing Assets/Palettes/Forest/tileset-sliced_19.asset using Guid(7657a55853a3d6a42a6bde3ac0a7055d) Importer(815301076,1909f56bfc062723c751e8b465ee728b)  -> (artifact id: 'd9fae06bce8631582d712898ee0672b0') in 0.010935 seconds 
========================================================================
Received Import Request.
  Time since last request: 0.000016 seconds.
  path: Assets/Palettes/Forest/tileset-sliced_21.asset
  artifactKey: Guid(301050562c73f26488c83fcd84eeebb3) Importer(815301076,1909f56bfc062723c751e8b465ee728b)
Start importing Assets/Palettes/Forest/tileset-sliced_21.asset using Guid(301050562c73f26488c83fcd84eeebb3) Importer(815301076,1909f56bfc062723c751e8b465ee728b)  -> (artifact id: '74c4f9b4dab9bfdae5a636ffff0267d3') in 0.011568 seconds 
========================================================================
Received Import Request.
  Time since last request: 0.000016 seconds.
  path: Assets/Palettes/Forest/tileset-sliced_27.asset
  artifactKey: Guid(d3dc3e21743209447b8502d3ab417f33) Importer(815301076,1909f56bfc062723c751e8b465ee728b)
Start importing Assets/Palettes/Forest/tileset-sliced_27.asset using Guid(d3dc3e21743209447b8502d3ab417f33) Importer(815301076,1909f56bfc062723c751e8b465ee728b)  -> (artifact id: 'cec2669661e8812faeb0b88cf93754c6') in 0.012413 seconds 
========================================================================
Received Import Request.
  Time since last request: 0.000020 seconds.
  path: Assets/Palettes/Forest/tileset-sliced_30.asset
  artifactKey: Guid(cc08157d271dd7e49a009dc4bf71e269) Importer(815301076,1909f56bfc062723c751e8b465ee728b)
Start importing Assets/Palettes/Forest/tileset-sliced_30.asset using Guid(cc08157d271dd7e49a009dc4bf71e269) Importer(815301076,1909f56bfc062723c751e8b465ee728b)  -> (artifact id: 'cbbfa1b967e8c4cc98740d119d4705de') in 0.010219 seconds 
========================================================================
Received Import Request.
  Time since last request: 0.019466 seconds.
  path: Assets/Palettes/Forest/tileset-sliced_34.asset
  artifactKey: Guid(05383e6694822f34e8161e9955973395) Importer(815301076,1909f56bfc062723c751e8b465ee728b)
Start importing Assets/Palettes/Forest/tileset-sliced_34.asset using Guid(05383e6694822f34e8161e9955973395) Importer(815301076,1909f56bfc062723c751e8b465ee728b)  -> (artifact id: '97d70f9d3defd8973d792fcc466bc4be') in 0.013023 seconds 
========================================================================
Received Import Request.
  Time since last request: 0.000017 seconds.
  path: Assets/Palettes/Forest/tileset-sliced_38.asset
  artifactKey: Guid(3ede113b8b778d849a7068ca97574d5c) Importer(815301076,1909f56bfc062723c751e8b465ee728b)
Start importing Assets/Palettes/Forest/tileset-sliced_38.asset using Guid(3ede113b8b778d849a7068ca97574d5c) Importer(815301076,1909f56bfc062723c751e8b465ee728b)  -> (artifact id: 'c9cc280445d89b9917d57268c61fd2ad') in 0.011808 seconds 
========================================================================
Received Import Request.
  Time since last request: 0.001147 seconds.
  path: Assets/Palettes/Forest/tileset-sliced_42.asset
  artifactKey: Guid(0f4a01e77b1b745458863fb150aac812) Importer(815301076,1909f56bfc062723c751e8b465ee728b)
Start importing Assets/Palettes/Forest/tileset-sliced_42.asset using Guid(0f4a01e77b1b745458863fb150aac812) Importer(815301076,1909f56bfc062723c751e8b465ee728b)  -> (artifact id: 'f5a8ad42ac7ab0b02919d6a99190a395') in 0.013719 seconds 
========================================================================
Received Import Request.
  Time since last request: 0.001267 seconds.
  path: Assets/Palettes/Forest/tileset-sliced_46.asset
  artifactKey: Guid(40529d7b39eab3242b0ba81239e1dbab) Importer(815301076,1909f56bfc062723c751e8b465ee728b)
Start importing Assets/Palettes/Forest/tileset-sliced_46.asset using Guid(40529d7b39eab3242b0ba81239e1dbab) Importer(815301076,1909f56bfc062723c751e8b465ee728b)  -> (artifact id: '27ff04cd7f00c1b41e2e03678548a1bb') in 0.016015 seconds 
========================================================================
Received Prepare
Registering precompiled user dll's ...
Registered in 0.004080 seconds.
Begin MonoManager ReloadAssembly
Native extension for WindowsStandalone target not found
Native extension for Android target not found
Native extension for WebGL target not found
Refreshing native plugins compatible for Editor in 0.48 ms, found 3 plugins.
Preloading 0 native plugins for Editor in 0.00 ms.
Mono: successfully reloaded assembly
- Completed reload, in  0.727 seconds
Domain Reload Profiling:
	ReloadAssembly (727ms)
		BeginReloadAssembly (94ms)
			ExecutionOrderSort (0ms)
			DisableScriptedObjects (4ms)
			BackupInstance (0ms)
			ReleaseScriptingObjects (0ms)
			CreateAndSetChildDomain (27ms)
		EndReloadAssembly (561ms)
			LoadAssemblies (55ms)
			RebuildTransferFunctionScriptingTraits (0ms)
			SetupTypeCache (153ms)
				TypeCache.Initialize (151ms)
					TypeCache.ScanAssembly (147ms)
				ResolveRequiredComponents (2ms)
			ReleaseScriptCaches (1ms)
			RebuildScriptCaches (37ms)
			SetupLoadedEditorAssemblies (270ms)
				LogAssemblyErrors (0ms)
				InitializePlatformSupportModulesInManaged (17ms)
				SetLoadedEditorAssemblies (4ms)
				RefreshPlugins (1ms)
				BeforeProcessingInitializeOnLoad (43ms)
				ProcessInitializeOnLoadAttributes (172ms)
				ProcessInitializeOnLoadMethodAttributes (28ms)
				AfterProcessingInitializeOnLoad (6ms)
				EditorAssembliesLoaded (0ms)
			ExecutionOrderSort2 (0ms)
			AwakeInstancesAfterBackupRestoration (6ms)
Platform modules already initialized, skipping
Refreshing native plugins compatible for Editor in 2.63 ms, found 3 plugins.
Preloading 0 native plugins for Editor in 0.00 ms.
Unloading 2513 Unused Serialized files (Serialized files now loaded: 0)
Unloading 23 unused Assets / (96.2 KB). Loaded Objects now: 3007.
Memory consumption went from 414.5 MB to 414.4 MB.
Total: 2.788500 ms (FindLiveObjects: 0.179800 ms CreateObjectMapping: 0.094100 ms MarkObjects: 2.480500 ms  DeleteObjects: 0.033200 ms)

AssetImportParameters requested are different than current active one (requested -> active):
  custom:video-decoder-ogg-theora: a1e56fd34408186e4bbccfd4996cb3dc -> 
  custom:container-muxer-webm: aa71ff27fc2769a1b78a27578f13a17b -> 
  custom:container-demuxer-webm: 4f35f7cbe854078d1ac9338744f61a02 -> 
  custom:video-encoder-webm-vp8: eb34c28f22e8b96e1ab97ce403110664 -> 
  custom:audio-encoder-webm-vorbis: bf7c407c2cedff20999df2af8eb42d56 -> 
  custom:framework-win-MediaFoundation: 216162199b28c13a410421893ffa2e32 -> 
  custom:container-demuxer-ogg: 62fdf1f143b41e24485cea50d1cbac27 -> 
  custom:video-decoder-webm-vp8: 9c59270c3fd7afecdb556c50c9e8de78 -> 
  custom:audio-decoder-ogg-vorbis: bf7c407c2cedff20999df2af8eb42d56 -> 
========================================================================
Received Import Request.
  Time since last request: 322.017472 seconds.
  path: Assets/Sprites/Sprites/Items/cherry/cherry-2.png
  artifactKey: Guid(8582e97fa62334fbd8bd10c1052e27b8) Importer(815301076,1909f56bfc062723c751e8b465ee728b)
Start importing Assets/Sprites/Sprites/Items/cherry/cherry-2.png using Guid(8582e97fa62334fbd8bd10c1052e27b8) Importer(815301076,1909f56bfc062723c751e8b465ee728b)  -> (artifact id: '7daab05430a2f260a529953c12f2ca90') in 0.086543 seconds 
========================================================================
Received Import Request.
  Time since last request: 0.000031 seconds.
  path: Assets/Sprites/Sprites/Items/cherry/cherry-4.png
  artifactKey: Guid(4f3dc6ccaf04b4061a059006d96715f1) Importer(815301076,1909f56bfc062723c751e8b465ee728b)
Start importing Assets/Sprites/Sprites/Items/cherry/cherry-4.png using Guid(4f3dc6ccaf04b4061a059006d96715f1) Importer(815301076,1909f56bfc062723c751e8b465ee728b)  -> (artifact id: '1c81c8c901233b3c992b9ed9cafdb5af') in 0.016053 seconds 
========================================================================
Received Import Request.
  Time since last request: 0.000026 seconds.
  path: Assets/Sprites/Sprites/Items/cherry/cherry-6.png
  artifactKey: Guid(4f35b6058a719446ba48dc4dc2704635) Importer(815301076,1909f56bfc062723c751e8b465ee728b)
Start importing Assets/Sprites/Sprites/Items/cherry/cherry-6.png using Guid(4f35b6058a719446ba48dc4dc2704635) Importer(815301076,1909f56bfc062723c751e8b465ee728b)  -> (artifact id: 'f50eca69cf65d9b0b2aed375ee58d31a') in 0.013697 seconds 
========================================================================
Received Import Request.
  Time since last request: 58.737564 seconds.
  path: Assets/Sprites/Sprites/Items/gem/gem-3.png
  artifactKey: Guid(de20f767e3f3f4aff870112daa2b2562) Importer(815301076,1909f56bfc062723c751e8b465ee728b)
Start importing Assets/Sprites/Sprites/Items/gem/gem-3.png using Guid(de20f767e3f3f4aff870112daa2b2562) Importer(815301076,1909f56bfc062723c751e8b465ee728b)  -> (artifact id: '6f00b480cebe48d54e9bd8ae20591f4a') in 0.017750 seconds 
========================================================================
Received Import Request.
  Time since last request: 0.000018 seconds.
  path: Assets/Sprites/Sprites/Items/gem/gem-5.png
  artifactKey: Guid(63fd366633d434aeb8ee3ee766305016) Importer(815301076,1909f56bfc062723c751e8b465ee728b)
Start importing Assets/Sprites/Sprites/Items/gem/gem-5.png using Guid(63fd366633d434aeb8ee3ee766305016) Importer(815301076,1909f56bfc062723c751e8b465ee728b)  -> (artifact id: 'd66f0da0026006891ee83e80a799fb9a') in 0.015037 seconds 
========================================================================
Received Import Request.
  Time since last request: 31.667271 seconds.
  path: Assets/Sprites/Sprites/Enemies/Bob the Blob/Hurt.png
  artifactKey: Guid(81ae58e5287ed6b4b88dd3f685e4818e) Importer(815301076,1909f56bfc062723c751e8b465ee728b)
Start importing Assets/Sprites/Sprites/Enemies/Bob the Blob/Hurt.png using Guid(81ae58e5287ed6b4b88dd3f685e4818e) Importer(815301076,1909f56bfc062723c751e8b465ee728b)  -> (artifact id: 'a83848d3d56d873387c50e1876cb7003') in 0.021074 seconds 
========================================================================
Received Import Request.
  Time since last request: 0.936737 seconds.
  path: Assets/Sprites/Sprites/Enemies/eagle/eagle-attack-3.png
  artifactKey: Guid(36ec151523b4340ef982c2e9eb0af881) Importer(815301076,1909f56bfc062723c751e8b465ee728b)
Start importing Assets/Sprites/Sprites/Enemies/eagle/eagle-attack-3.png using Guid(36ec151523b4340ef982c2e9eb0af881) Importer(815301076,1909f56bfc062723c751e8b465ee728b)  -> (artifact id: '8f3da0cdaa416c626cc02139c40c8b20') in 0.016664 seconds 
========================================================================
Received Import Request.
  Time since last request: 4.383931 seconds.
  path: Assets/Sprites/Sprites/Enemies/frog/idle/frog-idle-3.png
  artifactKey: Guid(662ace939438646e7a4067a89ec54b9e) Importer(815301076,1909f56bfc062723c751e8b465ee728b)
Start importing Assets/Sprites/Sprites/Enemies/frog/idle/frog-idle-3.png using Guid(662ace939438646e7a4067a89ec54b9e) Importer(815301076,1909f56bfc062723c751e8b465ee728b)  -> (artifact id: '522dbe56e9c3d3ab2c5ec8e9091a334f') in 0.018783 seconds 
========================================================================
Received Prepare
Registering precompiled user dll's ...
Registered in 0.004167 seconds.
Begin MonoManager ReloadAssembly
Native extension for WindowsStandalone target not found
Native extension for Android target not found
Native extension for WebGL target not found
Refreshing native plugins compatible for Editor in 0.49 ms, found 3 plugins.
Preloading 0 native plugins for Editor in 0.00 ms.
Mono: successfully reloaded assembly
- Completed reload, in  0.833 seconds
Domain Reload Profiling:
	ReloadAssembly (834ms)
		BeginReloadAssembly (115ms)
			ExecutionOrderSort (0ms)
			DisableScriptedObjects (5ms)
			BackupInstance (0ms)
			ReleaseScriptingObjects (0ms)
			CreateAndSetChildDomain (34ms)
		EndReloadAssembly (631ms)
			LoadAssemblies (70ms)
			RebuildTransferFunctionScriptingTraits (0ms)
			SetupTypeCache (192ms)
				TypeCache.Initialize (189ms)
					TypeCache.ScanAssembly (183ms)
				ResolveRequiredComponents (3ms)
			ReleaseScriptCaches (1ms)
			RebuildScriptCaches (34ms)
			SetupLoadedEditorAssemblies (293ms)
				LogAssemblyErrors (0ms)
				InitializePlatformSupportModulesInManaged (21ms)
				SetLoadedEditorAssemblies (6ms)
				RefreshPlugins (1ms)
				BeforeProcessingInitializeOnLoad (42ms)
				ProcessInitializeOnLoadAttributes (187ms)
				ProcessInitializeOnLoadMethodAttributes (31ms)
				AfterProcessingInitializeOnLoad (5ms)
				EditorAssembliesLoaded (0ms)
			ExecutionOrderSort2 (0ms)
			AwakeInstancesAfterBackupRestoration (6ms)
Platform modules already initialized, skipping
Refreshing native plugins compatible for Editor in 1.45 ms, found 3 plugins.
Preloading 0 native plugins for Editor in 0.00 ms.
Unloading 2513 Unused Serialized files (Serialized files now loaded: 0)
Unloading 23 unused Assets / (96.2 KB). Loaded Objects now: 3036.
Memory consumption went from 418.4 MB to 418.3 MB.
Total: 2.724600 ms (FindLiveObjects: 0.216600 ms CreateObjectMapping: 0.104900 ms MarkObjects: 2.342300 ms  DeleteObjects: 0.060100 ms)

AssetImportParameters requested are different than current active one (requested -> active):
  custom:video-decoder-ogg-theora: a1e56fd34408186e4bbccfd4996cb3dc -> 
  custom:container-muxer-webm: aa71ff27fc2769a1b78a27578f13a17b -> 
  custom:container-demuxer-webm: 4f35f7cbe854078d1ac9338744f61a02 -> 
  custom:video-encoder-webm-vp8: eb34c28f22e8b96e1ab97ce403110664 -> 
  custom:audio-encoder-webm-vorbis: bf7c407c2cedff20999df2af8eb42d56 -> 
  custom:framework-win-MediaFoundation: 216162199b28c13a410421893ffa2e32 -> 
  custom:container-demuxer-ogg: 62fdf1f143b41e24485cea50d1cbac27 -> 
  custom:video-decoder-webm-vp8: 9c59270c3fd7afecdb556c50c9e8de78 -> 
  custom:audio-decoder-ogg-vorbis: bf7c407c2cedff20999df2af8eb42d56 -> 
Editor requested this worker to shutdown with reason: Scaling down because of idle timeout
AssetImportWorker is now disconnected from the server
Process exiting
Exiting without the bug reporter. Application will terminate with return code 0