Using pre-set license
Built from '2022.1/staging' branch; Version is '2022.1.4f1 (76dd1f94b339) revision 7789855'; Using compiler version '192829333'; Build Type 'Release'
OS: 'Windows 10  (10.0.19044) 64bit Enterprise' Language: 'en' Physical Memory: 32512 MB
BatchMode: 1, IsHumanControllingUs: 0, StartBugReporterOnCrash: 0, Is64bit: 1, IsPro: 1

COMMAND LINE ARGUMENTS:
C:\Program Files\Unity 2022.1.4f1\Editor\Unity.exe
-adb2
-batchMode
-noUpm
-name
AssetImportWorker2
-projectPath
C:/Users/e021351l/Documents/GitHub/P3_Platformer
-logFile
Logs/AssetImportWorker2.log
-srvPort
62629
Successfully changed project path to: C:/Users/e021351l/Documents/GitHub/P3_Platformer
C:/Users/e021351l/Documents/GitHub/P3_Platformer
[UnityMemory] Configuration Parameters - Can be set up in boot.config
    "memorysetup-bucket-allocator-granularity=16"
    "memorysetup-bucket-allocator-bucket-count=8"
    "memorysetup-bucket-allocator-block-size=33554432"
    "memorysetup-bucket-allocator-block-count=8"
    "memorysetup-main-allocator-block-size=16777216"
    "memorysetup-thread-allocator-block-size=16777216"
    "memorysetup-gfx-main-allocator-block-size=16777216"
    "memorysetup-gfx-thread-allocator-block-size=16777216"
    "memorysetup-cache-allocator-block-size=4194304"
    "memorysetup-typetree-allocator-block-size=2097152"
    "memorysetup-profiler-bucket-allocator-granularity=16"
    "memorysetup-profiler-bucket-allocator-bucket-count=8"
    "memorysetup-profiler-bucket-allocator-block-size=33554432"
    "memorysetup-profiler-bucket-allocator-block-count=8"
    "memorysetup-profiler-allocator-block-size=16777216"
    "memorysetup-profiler-editor-allocator-block-size=1048576"
    "memorysetup-temp-allocator-size-main=16777216"
    "memorysetup-job-temp-allocator-block-size=2097152"
    "memorysetup-job-temp-allocator-block-size-background=1048576"
    "memorysetup-job-temp-allocator-reduction-small-platforms=262144"
    "memorysetup-temp-allocator-size-background-worker=32768"
    "memorysetup-temp-allocator-size-job-worker=262144"
    "memorysetup-temp-allocator-size-preload-manager=33554432"
    "memorysetup-temp-allocator-size-nav-mesh-worker=65536"
    "memorysetup-temp-allocator-size-audio-worker=65536"
    "memorysetup-temp-allocator-size-cloud-worker=32768"
    "memorysetup-temp-allocator-size-gi-baking-worker=262144"
    "memorysetup-temp-allocator-size-gfx=262144"
Refreshing native plugins compatible for Editor in 48.15 ms, found 3 plugins.
Preloading 0 native plugins for Editor in 0.00 ms.
Initialize engine version: 2022.1.4f1 (76dd1f94b339)
[Subsystems] Discovering subsystems at path C:/Program Files/Unity 2022.1.4f1/Editor/Data/Resources/UnitySubsystems
[Subsystems] Discovering subsystems at path C:/Users/e021351l/Documents/GitHub/P3_Platformer/Assets
GfxDevice: creating device client; threaded=0; jobified=0
Direct3D:
    Version:  Direct3D 11.0 [level 11.1]
    Renderer: NVIDIA GeForce RTX 3080 (ID=0x2216)
    Vendor:   NVIDIA
    VRAM:     10067 MB
    Driver:   31.0.15.2802
Initialize mono
Mono path[0] = 'C:/Program Files/Unity 2022.1.4f1/Editor/Data/Managed'
Mono path[1] = 'C:/Program Files/Unity 2022.1.4f1/Editor/Data/MonoBleedingEdge/lib/mono/unityjit-win32'
Mono config path = 'C:/Program Files/Unity 2022.1.4f1/Editor/Data/MonoBleedingEdge/etc'
Using monoOptions --debugger-agent=transport=dt_socket,embedding=1,server=y,suspend=n,address=127.0.0.1:56444
Begin MonoManager ReloadAssembly
Registering precompiled unity dll's ...
Register platform support module: C:/Program Files/Unity 2022.1.4f1/Editor/Data/PlaybackEngines/WebGLSupport/UnityEditor.WebGL.Extensions.dll
Register platform support module: C:/Program Files/Unity 2022.1.4f1/Editor/Data/PlaybackEngines/AndroidPlayer/UnityEditor.Android.Extensions.dll
Register platform support module: C:/Program Files/Unity 2022.1.4f1/Editor/Data/PlaybackEngines/WindowsStandaloneSupport/UnityEditor.WindowsStandalone.Extensions.dll
Registered in 0.004095 seconds.
Native extension for WindowsStandalone target not found
Native extension for Android target not found
Native extension for WebGL target not found
Refreshing native plugins compatible for Editor in 35.34 ms, found 3 plugins.
Preloading 0 native plugins for Editor in 0.00 ms.
Mono: successfully reloaded assembly
- Completed reload, in  0.496 seconds
Domain Reload Profiling:
	ReloadAssembly (497ms)
		BeginReloadAssembly (61ms)
			ExecutionOrderSort (0ms)
			DisableScriptedObjects (0ms)
			BackupInstance (0ms)
			ReleaseScriptingObjects (0ms)
			CreateAndSetChildDomain (1ms)
		EndReloadAssembly (348ms)
			LoadAssemblies (59ms)
			RebuildTransferFunctionScriptingTraits (0ms)
			SetupTypeCache (95ms)
				TypeCache.Initialize (95ms)
					TypeCache.ScanAssembly (94ms)
				ResolveRequiredComponents (0ms)
			ReleaseScriptCaches (0ms)
			RebuildScriptCaches (22ms)
			SetupLoadedEditorAssemblies (191ms)
				LogAssemblyErrors (0ms)
				InitializePlatformSupportModulesInManaged (34ms)
				SetLoadedEditorAssemblies (4ms)
				RefreshPlugins (35ms)
				BeforeProcessingInitializeOnLoad (2ms)
				ProcessInitializeOnLoadAttributes (84ms)
				ProcessInitializeOnLoadMethodAttributes (32ms)
				AfterProcessingInitializeOnLoad (0ms)
				EditorAssembliesLoaded (0ms)
			ExecutionOrderSort2 (0ms)
			AwakeInstancesAfterBackupRestoration (0ms)
Platform modules already initialized, skipping
Registering precompiled user dll's ...
Registered in 0.004795 seconds.
Begin MonoManager ReloadAssembly
Native extension for WindowsStandalone target not found
Native extension for Android target not found
Native extension for WebGL target not found
Refreshing native plugins compatible for Editor in 32.81 ms, found 3 plugins.
Preloading 0 native plugins for Editor in 0.00 ms.
Mono: successfully reloaded assembly
- Completed reload, in  0.817 seconds
Domain Reload Profiling:
	ReloadAssembly (818ms)
		BeginReloadAssembly (92ms)
			ExecutionOrderSort (0ms)
			DisableScriptedObjects (4ms)
			BackupInstance (0ms)
			ReleaseScriptingObjects (0ms)
			CreateAndSetChildDomain (19ms)
		EndReloadAssembly (633ms)
			LoadAssemblies (63ms)
			RebuildTransferFunctionScriptingTraits (0ms)
			SetupTypeCache (175ms)
				TypeCache.Initialize (173ms)
					TypeCache.ScanAssembly (170ms)
				ResolveRequiredComponents (3ms)
			ReleaseScriptCaches (0ms)
			RebuildScriptCaches (40ms)
			SetupLoadedEditorAssemblies (317ms)
				LogAssemblyErrors (0ms)
				InitializePlatformSupportModulesInManaged (10ms)
				SetLoadedEditorAssemblies (4ms)
				RefreshPlugins (33ms)
				BeforeProcessingInitializeOnLoad (51ms)
				ProcessInitializeOnLoadAttributes (186ms)
				ProcessInitializeOnLoadMethodAttributes (27ms)
				AfterProcessingInitializeOnLoad (6ms)
				EditorAssembliesLoaded (0ms)
			ExecutionOrderSort2 (0ms)
			AwakeInstancesAfterBackupRestoration (4ms)
Platform modules already initialized, skipping
========================================================================
Worker process is ready to serve import requests
Launched and connected shader compiler UnityShaderCompiler.exe after 0.04 seconds
Refreshing native plugins compatible for Editor in 0.82 ms, found 3 plugins.
Preloading 0 native plugins for Editor in 0.00 ms.
Unloading 2524 Unused Serialized files (Serialized files now loaded: 0)
Unloading 47 unused Assets / (130.7 KB). Loaded Objects now: 2988.
Memory consumption went from 416.6 MB to 416.4 MB.
Total: 3.943200 ms (FindLiveObjects: 0.286000 ms CreateObjectMapping: 0.157000 ms MarkObjects: 3.382300 ms  DeleteObjects: 0.116500 ms)

AssetImportParameters requested are different than current active one (requested -> active):
  custom:video-decoder-ogg-theora: a1e56fd34408186e4bbccfd4996cb3dc -> 
  custom:container-muxer-webm: aa71ff27fc2769a1b78a27578f13a17b -> 
  custom:container-demuxer-webm: 4f35f7cbe854078d1ac9338744f61a02 -> 
  custom:video-encoder-webm-vp8: eb34c28f22e8b96e1ab97ce403110664 -> 
  custom:audio-encoder-webm-vorbis: bf7c407c2cedff20999df2af8eb42d56 -> 
  custom:framework-win-MediaFoundation: 216162199b28c13a410421893ffa2e32 -> 
  custom:container-demuxer-ogg: 62fdf1f143b41e24485cea50d1cbac27 -> 
  custom:video-decoder-webm-vp8: 9c59270c3fd7afecdb556c50c9e8de78 -> 
  custom:audio-decoder-ogg-vorbis: bf7c407c2cedff20999df2af8eb42d56 -> 
========================================================================
Received Import Request.
  Time since last request: 67871.852722 seconds.
  path: Assets/Palettes/Forest/platformer tiles_79.asset
  artifactKey: Guid(d05efa5d19940a544917244010f47609) Importer(815301076,1909f56bfc062723c751e8b465ee728b)
Start importing Assets/Palettes/Forest/platformer tiles_79.asset using Guid(d05efa5d19940a544917244010f47609) Importer(815301076,1909f56bfc062723c751e8b465ee728b)  -> (artifact id: 'c33e01bdd56a7100b930f8e5783f38c5') in 0.058600 seconds 
========================================================================
Received Import Request.
  Time since last request: 0.000028 seconds.
  path: Assets/Palettes/Forest/platformer tiles_88.asset
  artifactKey: Guid(bfc803835206f964d89cc4ee245af95f) Importer(815301076,1909f56bfc062723c751e8b465ee728b)
Start importing Assets/Palettes/Forest/platformer tiles_88.asset using Guid(bfc803835206f964d89cc4ee245af95f) Importer(815301076,1909f56bfc062723c751e8b465ee728b)  -> (artifact id: '311411c26c3ecc194fd90be5b5a4a312') in 0.015024 seconds 
========================================================================
Received Import Request.
  Time since last request: 0.000087 seconds.
  path: Assets/Palettes/Forest/platformer tiles_94.asset
  artifactKey: Guid(4f202682e4519d64d8cb140c266b4c09) Importer(815301076,1909f56bfc062723c751e8b465ee728b)
Start importing Assets/Palettes/Forest/platformer tiles_94.asset using Guid(4f202682e4519d64d8cb140c266b4c09) Importer(815301076,1909f56bfc062723c751e8b465ee728b)  -> (artifact id: '4baa2c07d8d7d55b0129da286549fa88') in 0.014548 seconds 
========================================================================
Received Import Request.
  Time since last request: 0.009987 seconds.
  path: Assets/Palettes/Forest/platformer tiles_95.asset
  artifactKey: Guid(a96d4d4a6d486ce4d8a43c944f329448) Importer(815301076,1909f56bfc062723c751e8b465ee728b)
Start importing Assets/Palettes/Forest/platformer tiles_95.asset using Guid(a96d4d4a6d486ce4d8a43c944f329448) Importer(815301076,1909f56bfc062723c751e8b465ee728b)  -> (artifact id: 'c5e597d29c92a8c9caf0341f19aa54a7') in 0.012265 seconds 
========================================================================
Received Import Request.
  Time since last request: 0.000023 seconds.
  path: Assets/Palettes/Forest/platformer tiles_99.asset
  artifactKey: Guid(17de9a5299b9163419f756e95eaefa89) Importer(815301076,1909f56bfc062723c751e8b465ee728b)
Start importing Assets/Palettes/Forest/platformer tiles_99.asset using Guid(17de9a5299b9163419f756e95eaefa89) Importer(815301076,1909f56bfc062723c751e8b465ee728b)  -> (artifact id: 'b37db60c75b7b4ad8d31320fdb22489c') in 0.013872 seconds 
========================================================================
Received Import Request.
  Time since last request: 0.000019 seconds.
  path: Assets/Palettes/Forest/platformer tiles_103.asset
  artifactKey: Guid(6faa1669fc583854aa7be01e2f85af81) Importer(815301076,1909f56bfc062723c751e8b465ee728b)
Start importing Assets/Palettes/Forest/platformer tiles_103.asset using Guid(6faa1669fc583854aa7be01e2f85af81) Importer(815301076,1909f56bfc062723c751e8b465ee728b)  -> (artifact id: 'fd2d477b1de9d2b42b7f37f5eb42f9ea') in 0.012857 seconds 
========================================================================
Received Import Request.
  Time since last request: 0.000017 seconds.
  path: Assets/Palettes/Forest/platformer tiles_107.asset
  artifactKey: Guid(59b439625b0b46641aeb5ad3ac46ac7a) Importer(815301076,1909f56bfc062723c751e8b465ee728b)
Start importing Assets/Palettes/Forest/platformer tiles_107.asset using Guid(59b439625b0b46641aeb5ad3ac46ac7a) Importer(815301076,1909f56bfc062723c751e8b465ee728b)  -> (artifact id: '649dff28287b88e8033d2f4465045394') in 0.013535 seconds 
========================================================================
Received Import Request.
  Time since last request: 0.017842 seconds.
  path: Assets/Palettes/Forest/platformer tiles_111.asset
  artifactKey: Guid(ec6d1bd27ae7c9f49968c6afaeba1c08) Importer(815301076,1909f56bfc062723c751e8b465ee728b)
Start importing Assets/Palettes/Forest/platformer tiles_111.asset using Guid(ec6d1bd27ae7c9f49968c6afaeba1c08) Importer(815301076,1909f56bfc062723c751e8b465ee728b)  -> (artifact id: '0afa9d36b64ea5ce0ab8bcde5e3c6b3e') in 0.012533 seconds 
========================================================================
Received Import Request.
  Time since last request: 0.000018 seconds.
  path: Assets/Palettes/Forest/platformer tiles_115.asset
  artifactKey: Guid(8168a8d5ef2788b499e339f01951affe) Importer(815301076,1909f56bfc062723c751e8b465ee728b)
Start importing Assets/Palettes/Forest/platformer tiles_115.asset using Guid(8168a8d5ef2788b499e339f01951affe) Importer(815301076,1909f56bfc062723c751e8b465ee728b)  -> (artifact id: '7fbc5b35990b1388fcbf7718092b9d97') in 0.013312 seconds 
========================================================================
Received Import Request.
  Time since last request: 0.000018 seconds.
  path: Assets/Palettes/Forest/platformer tiles_119.asset
  artifactKey: Guid(908e72ccbe91d2c4985fe279e49af0c3) Importer(815301076,1909f56bfc062723c751e8b465ee728b)
Start importing Assets/Palettes/Forest/platformer tiles_119.asset using Guid(908e72ccbe91d2c4985fe279e49af0c3) Importer(815301076,1909f56bfc062723c751e8b465ee728b)  -> (artifact id: '8d8eeea079b992fafb42480e79e21d85') in 0.013572 seconds 
========================================================================
Received Import Request.
  Time since last request: 0.000015 seconds.
  path: Assets/Palettes/Forest/platformer tiles_123.asset
  artifactKey: Guid(5bc832a7e92796f4c827cb11a9b4afd5) Importer(815301076,1909f56bfc062723c751e8b465ee728b)
Start importing Assets/Palettes/Forest/platformer tiles_123.asset using Guid(5bc832a7e92796f4c827cb11a9b4afd5) Importer(815301076,1909f56bfc062723c751e8b465ee728b)  -> (artifact id: '714e6c68126d5339c60885a3173c7bac') in 0.013079 seconds 
========================================================================
Received Import Request.
  Time since last request: 0.000025 seconds.
  path: Assets/Palettes/Forest/platformer tiles_128.asset
  artifactKey: Guid(759656d0422733e44a22181484edbe5e) Importer(815301076,1909f56bfc062723c751e8b465ee728b)
Start importing Assets/Palettes/Forest/platformer tiles_128.asset using Guid(759656d0422733e44a22181484edbe5e) Importer(815301076,1909f56bfc062723c751e8b465ee728b)  -> (artifact id: '0d7b059572a0f307ad0583d5ff866aa2') in 0.012856 seconds 
========================================================================
Received Import Request.
  Time since last request: 0.000017 seconds.
  path: Assets/Palettes/Forest/platformer tiles_133.asset
  artifactKey: Guid(f6d7e5d6042941c46a8f730d5e6e09e4) Importer(815301076,1909f56bfc062723c751e8b465ee728b)
Start importing Assets/Palettes/Forest/platformer tiles_133.asset using Guid(f6d7e5d6042941c46a8f730d5e6e09e4) Importer(815301076,1909f56bfc062723c751e8b465ee728b)  -> (artifact id: '3aeefbfd634d00a77dec888ce7834a7a') in 0.014465 seconds 
========================================================================
Received Import Request.
  Time since last request: 0.000026 seconds.
  path: Assets/Palettes/Forest/platformer tiles_132.asset
  artifactKey: Guid(478d9cd73620abb4fae3ac0f374f0056) Importer(815301076,1909f56bfc062723c751e8b465ee728b)
Start importing Assets/Palettes/Forest/platformer tiles_132.asset using Guid(478d9cd73620abb4fae3ac0f374f0056) Importer(815301076,1909f56bfc062723c751e8b465ee728b)  -> (artifact id: 'cebaef8e0042c186d6e3e8f4571d84e2') in 0.016352 seconds 
========================================================================
Received Import Request.
  Time since last request: 0.000038 seconds.
  path: Assets/Palettes/Forest/platformer tiles_142.asset
  artifactKey: Guid(587981f6650f85b4dba48296fdd33452) Importer(815301076,1909f56bfc062723c751e8b465ee728b)
Start importing Assets/Palettes/Forest/platformer tiles_142.asset using Guid(587981f6650f85b4dba48296fdd33452) Importer(815301076,1909f56bfc062723c751e8b465ee728b)  -> (artifact id: '743e8fdabc2d935193742a7ed8ca68bd') in 0.014723 seconds 
========================================================================
Received Import Request.
  Time since last request: 0.000023 seconds.
  path: Assets/Palettes/Forest/platformer tiles_139.asset
  artifactKey: Guid(d7bf519092650704fb28bcf38f802933) Importer(815301076,1909f56bfc062723c751e8b465ee728b)
Start importing Assets/Palettes/Forest/platformer tiles_139.asset using Guid(d7bf519092650704fb28bcf38f802933) Importer(815301076,1909f56bfc062723c751e8b465ee728b)  -> (artifact id: '7edfe70bb86e8943e380fa70c5548f1f') in 0.012136 seconds 
========================================================================
Received Import Request.
  Time since last request: 0.000602 seconds.
  path: Assets/Palettes/Forest/platformer tiles_144.asset
  artifactKey: Guid(0b17ab62fdb407042b6562f3c9486cd8) Importer(815301076,1909f56bfc062723c751e8b465ee728b)
Start importing Assets/Palettes/Forest/platformer tiles_144.asset using Guid(0b17ab62fdb407042b6562f3c9486cd8) Importer(815301076,1909f56bfc062723c751e8b465ee728b)  -> (artifact id: '7186ee85bb89605038f5260c3f54d477') in 0.011005 seconds 
========================================================================
Received Import Request.
  Time since last request: 0.000017 seconds.
  path: Assets/Palettes/Forest/platformer tiles_148.asset
  artifactKey: Guid(49e6a864bb4a9104a9dbb6a2e34bf8f3) Importer(815301076,1909f56bfc062723c751e8b465ee728b)
Start importing Assets/Palettes/Forest/platformer tiles_148.asset using Guid(49e6a864bb4a9104a9dbb6a2e34bf8f3) Importer(815301076,1909f56bfc062723c751e8b465ee728b)  -> (artifact id: 'b45d99189a008921fe482ef92ac41a24') in 0.012501 seconds 
========================================================================
Received Import Request.
  Time since last request: 0.000019 seconds.
  path: Assets/Palettes/Forest/platformer tiles_151.asset
  artifactKey: Guid(ef2e182433cde2749a0ffbd9c48c27cf) Importer(815301076,1909f56bfc062723c751e8b465ee728b)
Start importing Assets/Palettes/Forest/platformer tiles_151.asset using Guid(ef2e182433cde2749a0ffbd9c48c27cf) Importer(815301076,1909f56bfc062723c751e8b465ee728b)  -> (artifact id: 'a5c7e50e337c97fdaa51e79f9575f4f5') in 0.014542 seconds 
========================================================================
Received Import Request.
  Time since last request: 0.000025 seconds.
  path: Assets/Palettes/Forest/platformer tiles_156.asset
  artifactKey: Guid(cf10898d10939344f8347b9deedda7dd) Importer(815301076,1909f56bfc062723c751e8b465ee728b)
Start importing Assets/Palettes/Forest/platformer tiles_156.asset using Guid(cf10898d10939344f8347b9deedda7dd) Importer(815301076,1909f56bfc062723c751e8b465ee728b)  -> (artifact id: '7731dfe887eeeeace6ea0a89db1bc355') in 0.013685 seconds 
========================================================================
Received Import Request.
  Time since last request: 0.495366 seconds.
  path: Assets/Palettes/Forest/platformer tiles_159.asset
  artifactKey: Guid(590e7441b93be0a41bcb3c362f6c3d55) Importer(815301076,1909f56bfc062723c751e8b465ee728b)
Start importing Assets/Palettes/Forest/platformer tiles_159.asset using Guid(590e7441b93be0a41bcb3c362f6c3d55) Importer(815301076,1909f56bfc062723c751e8b465ee728b)  -> (artifact id: '2616eca6b7d76bd9fce13ef91e01b5f0') in 0.011178 seconds 
========================================================================
Received Import Request.
  Time since last request: 0.000036 seconds.
  path: Assets/Palettes/Forest/platformer tiles_163.asset
  artifactKey: Guid(7d5e6c3afc4ef5f4a837805191f0ade8) Importer(815301076,1909f56bfc062723c751e8b465ee728b)
Start importing Assets/Palettes/Forest/platformer tiles_163.asset using Guid(7d5e6c3afc4ef5f4a837805191f0ade8) Importer(815301076,1909f56bfc062723c751e8b465ee728b)  -> (artifact id: 'db3057608accb541c3a83edb8cc43cca') in 0.012792 seconds 
========================================================================
Received Import Request.
  Time since last request: 0.000022 seconds.
  path: Assets/Palettes/Forest/platformer tiles_167.asset
  artifactKey: Guid(5cb192ec4e04dd343a4a2a33cbd07e06) Importer(815301076,1909f56bfc062723c751e8b465ee728b)
Start importing Assets/Palettes/Forest/platformer tiles_167.asset using Guid(5cb192ec4e04dd343a4a2a33cbd07e06) Importer(815301076,1909f56bfc062723c751e8b465ee728b)  -> (artifact id: 'f95c9ad8cc6cb00771c31d8e495ec9c2') in 0.014009 seconds 
========================================================================
Received Import Request.
  Time since last request: 0.000027 seconds.
  path: Assets/Palettes/Forest/platformer tiles_171.asset
  artifactKey: Guid(ede73d54db85b0f4c9ef5e4d5da30874) Importer(815301076,1909f56bfc062723c751e8b465ee728b)
Start importing Assets/Palettes/Forest/platformer tiles_171.asset using Guid(ede73d54db85b0f4c9ef5e4d5da30874) Importer(815301076,1909f56bfc062723c751e8b465ee728b)  -> (artifact id: 'b4886d05e626256ae9f07081f0e9ac9b') in 0.012147 seconds 
========================================================================
Received Import Request.
  Time since last request: 0.000015 seconds.
  path: Assets/Palettes/Forest/platformer tiles_172.asset
  artifactKey: Guid(bed740502b75cb445bc70e03700a8545) Importer(815301076,1909f56bfc062723c751e8b465ee728b)
Start importing Assets/Palettes/Forest/platformer tiles_172.asset using Guid(bed740502b75cb445bc70e03700a8545) Importer(815301076,1909f56bfc062723c751e8b465ee728b)  -> (artifact id: '7cd482884b6b54a6d3aa32a0541658a0') in 0.014095 seconds 
========================================================================
Received Import Request.
  Time since last request: 0.000015 seconds.
  path: Assets/Palettes/Forest/platformer tiles_175.asset
  artifactKey: Guid(c9b6054ccc7b3644c8b1a56ff9a3a63f) Importer(815301076,1909f56bfc062723c751e8b465ee728b)
Start importing Assets/Palettes/Forest/platformer tiles_175.asset using Guid(c9b6054ccc7b3644c8b1a56ff9a3a63f) Importer(815301076,1909f56bfc062723c751e8b465ee728b)  -> (artifact id: 'e006d86be2082e43b2cac4b4ac9bbb45') in 0.011031 seconds 
========================================================================
Received Import Request.
  Time since last request: 0.000026 seconds.
  path: Assets/Palettes/Forest/platformer tiles_179.asset
  artifactKey: Guid(0e0349eb3dba67a4cb4ff0b9cb5a85b5) Importer(815301076,1909f56bfc062723c751e8b465ee728b)
Start importing Assets/Palettes/Forest/platformer tiles_179.asset using Guid(0e0349eb3dba67a4cb4ff0b9cb5a85b5) Importer(815301076,1909f56bfc062723c751e8b465ee728b)  -> (artifact id: 'ce85bc1c95c96cdc746f01c1462f883e') in 0.012851 seconds 
========================================================================
Received Import Request.
  Time since last request: 0.000052 seconds.
  path: Assets/Palettes/Forest/platformer tiles_183.asset
  artifactKey: Guid(63c30cc4780cbf949b80778bd7a19b20) Importer(815301076,1909f56bfc062723c751e8b465ee728b)
Start importing Assets/Palettes/Forest/platformer tiles_183.asset using Guid(63c30cc4780cbf949b80778bd7a19b20) Importer(815301076,1909f56bfc062723c751e8b465ee728b)  -> (artifact id: 'a3d8967746a2992821278cfe28b7f85b') in 0.013159 seconds 
========================================================================
Received Import Request.
  Time since last request: 0.000028 seconds.
  path: Assets/Palettes/Forest/platformer tiles_187.asset
  artifactKey: Guid(af9f398cde6637e499723f80aec65d2f) Importer(815301076,1909f56bfc062723c751e8b465ee728b)
Start importing Assets/Palettes/Forest/platformer tiles_187.asset using Guid(af9f398cde6637e499723f80aec65d2f) Importer(815301076,1909f56bfc062723c751e8b465ee728b)  -> (artifact id: '3769f9546c7d43844b558d0ab0edd46e') in 0.013099 seconds 
========================================================================
Received Import Request.
  Time since last request: 0.000018 seconds.
  path: Assets/Palettes/Forest/tileset-sliced_0.asset
  artifactKey: Guid(671d7ba7b470025489ee47fbc608b2df) Importer(815301076,1909f56bfc062723c751e8b465ee728b)
Start importing Assets/Palettes/Forest/tileset-sliced_0.asset using Guid(671d7ba7b470025489ee47fbc608b2df) Importer(815301076,1909f56bfc062723c751e8b465ee728b)  -> (artifact id: '3cd798d866a5938efffcf4d27158b583') in 0.013102 seconds 
========================================================================
Received Import Request.
  Time since last request: 0.000017 seconds.
  path: Assets/Palettes/Forest/tileset-sliced_3.asset
  artifactKey: Guid(21d6fe68f5765104d9b4bc926b8e2bdf) Importer(815301076,1909f56bfc062723c751e8b465ee728b)
Start importing Assets/Palettes/Forest/tileset-sliced_3.asset using Guid(21d6fe68f5765104d9b4bc926b8e2bdf) Importer(815301076,1909f56bfc062723c751e8b465ee728b)  -> (artifact id: '03c4667335d376f95da3d76c2fd84c1c') in 0.012821 seconds 
========================================================================
Received Import Request.
  Time since last request: 0.000018 seconds.
  path: Assets/Palettes/Forest/tileset-sliced_4.asset
  artifactKey: Guid(0d36c33b127e2ba4f88cffff0ec1575c) Importer(815301076,1909f56bfc062723c751e8b465ee728b)
Start importing Assets/Palettes/Forest/tileset-sliced_4.asset using Guid(0d36c33b127e2ba4f88cffff0ec1575c) Importer(815301076,1909f56bfc062723c751e8b465ee728b)  -> (artifact id: 'c029437e610ee2506f07163526100a25') in 0.012972 seconds 
========================================================================
Received Import Request.
  Time since last request: 0.000023 seconds.
  path: Assets/Palettes/Forest/tileset-sliced_12.asset
  artifactKey: Guid(8af3b07ba424404428baea5eb50d47de) Importer(815301076,1909f56bfc062723c751e8b465ee728b)
Start importing Assets/Palettes/Forest/tileset-sliced_12.asset using Guid(8af3b07ba424404428baea5eb50d47de) Importer(815301076,1909f56bfc062723c751e8b465ee728b)  -> (artifact id: '458e23125bc93db0fc7dbb947b021f79') in 0.011682 seconds 
========================================================================
Received Import Request.
  Time since last request: 0.000035 seconds.
  path: Assets/Palettes/Forest/tileset-sliced_13.asset
  artifactKey: Guid(172a0199eef758e42adf97e0b713f901) Importer(815301076,1909f56bfc062723c751e8b465ee728b)
Start importing Assets/Palettes/Forest/tileset-sliced_13.asset using Guid(172a0199eef758e42adf97e0b713f901) Importer(815301076,1909f56bfc062723c751e8b465ee728b)  -> (artifact id: '8f30a62a33ecd1de7e1a1c923dbbe160') in 0.012308 seconds 
========================================================================
Received Import Request.
  Time since last request: 0.000032 seconds.
  path: Assets/Palettes/Forest/tileset-sliced_18.asset
  artifactKey: Guid(b4ff06351d84ba3459dfef3789282d12) Importer(815301076,1909f56bfc062723c751e8b465ee728b)
Start importing Assets/Palettes/Forest/tileset-sliced_18.asset using Guid(b4ff06351d84ba3459dfef3789282d12) Importer(815301076,1909f56bfc062723c751e8b465ee728b)  -> (artifact id: 'c8b3083cbc556bd168ed20326acc0307') in 0.011685 seconds 
========================================================================
Received Import Request.
  Time since last request: 0.000016 seconds.
  path: Assets/Palettes/Forest/tileset-sliced_23.asset
  artifactKey: Guid(26c37f07b6f1b874c9da9307452cbc62) Importer(815301076,1909f56bfc062723c751e8b465ee728b)
Start importing Assets/Palettes/Forest/tileset-sliced_23.asset using Guid(26c37f07b6f1b874c9da9307452cbc62) Importer(815301076,1909f56bfc062723c751e8b465ee728b)  -> (artifact id: '873ff1a5b5a0aa69a7595dc67df4d593') in 0.010846 seconds 
========================================================================
Received Import Request.
  Time since last request: 0.000019 seconds.
  path: Assets/Palettes/Forest/tileset-sliced_28.asset
  artifactKey: Guid(77537e84f01acfc4c9c01f5a2b376220) Importer(815301076,1909f56bfc062723c751e8b465ee728b)
Start importing Assets/Palettes/Forest/tileset-sliced_28.asset using Guid(77537e84f01acfc4c9c01f5a2b376220) Importer(815301076,1909f56bfc062723c751e8b465ee728b)  -> (artifact id: '26ce44d7bb6d75dade262d682523ea2e') in 0.010722 seconds 
========================================================================
Received Import Request.
  Time since last request: 0.000035 seconds.
  path: Assets/Palettes/Forest/tileset-sliced_26.asset
  artifactKey: Guid(40786ce5eced5604680af95b6743b83b) Importer(815301076,1909f56bfc062723c751e8b465ee728b)
Start importing Assets/Palettes/Forest/tileset-sliced_26.asset using Guid(40786ce5eced5604680af95b6743b83b) Importer(815301076,1909f56bfc062723c751e8b465ee728b)  -> (artifact id: 'af9f1242f70ab0f7deff21e7e05fd13c') in 0.009457 seconds 
========================================================================
Received Import Request.
  Time since last request: 0.008502 seconds.
  path: Assets/Palettes/Forest/tileset-sliced_31.asset
  artifactKey: Guid(a7e19537ad55f034c8b47c01703cc0f0) Importer(815301076,1909f56bfc062723c751e8b465ee728b)
Start importing Assets/Palettes/Forest/tileset-sliced_31.asset using Guid(a7e19537ad55f034c8b47c01703cc0f0) Importer(815301076,1909f56bfc062723c751e8b465ee728b)  -> (artifact id: 'ef6f1561e5bb8b166dd250c2b5f55180') in 0.011134 seconds 
========================================================================
Received Import Request.
  Time since last request: 0.000017 seconds.
  path: Assets/Palettes/Forest/tileset-sliced_35.asset
  artifactKey: Guid(ec813f122f27fb14bb55a68e8e767222) Importer(815301076,1909f56bfc062723c751e8b465ee728b)
Start importing Assets/Palettes/Forest/tileset-sliced_35.asset using Guid(ec813f122f27fb14bb55a68e8e767222) Importer(815301076,1909f56bfc062723c751e8b465ee728b)  -> (artifact id: 'cfdb8655e9c49b7861636ad3118edc3a') in 0.012881 seconds 
========================================================================
Received Import Request.
  Time since last request: 0.000022 seconds.
  path: Assets/Palettes/Forest/tileset-sliced_39.asset
  artifactKey: Guid(1761f51519f1979468b8463afa70323f) Importer(815301076,1909f56bfc062723c751e8b465ee728b)
Start importing Assets/Palettes/Forest/tileset-sliced_39.asset using Guid(1761f51519f1979468b8463afa70323f) Importer(815301076,1909f56bfc062723c751e8b465ee728b)  -> (artifact id: '00af1180750afd476f08e86105b5604e') in 0.012213 seconds 
========================================================================
Received Import Request.
  Time since last request: 0.000020 seconds.
  path: Assets/Palettes/Forest/tileset-sliced_43.asset
  artifactKey: Guid(27efa135044dd0a4182f90eea1fabba5) Importer(815301076,1909f56bfc062723c751e8b465ee728b)
Start importing Assets/Palettes/Forest/tileset-sliced_43.asset using Guid(27efa135044dd0a4182f90eea1fabba5) Importer(815301076,1909f56bfc062723c751e8b465ee728b)  -> (artifact id: 'b0a3f4119066b2bf6fb9d0b177e5ed35') in 0.014281 seconds 
Editor requested this worker to shutdown with reason: Scaling down because of idle timeout
AssetImportWorkerClient::OnTransportError - code=2 error=End of file
AssetImportWorker is now disconnected from the server
Process exiting
Exiting without the bug reporter. Application will terminate with return code 0