Using pre-set license
Built from '2022.1/staging' branch; Version is '2022.1.4f1 (76dd1f94b339) revision 7789855'; Using compiler version '192829333'; Build Type 'Release'
OS: 'Windows 10  (10.0.19045) 64bit Enterprise' Language: 'en' Physical Memory: 32512 MB
BatchMode: 1, IsHumanControllingUs: 0, StartBugReporterOnCrash: 0, Is64bit: 1, IsPro: 1

COMMAND LINE ARGUMENTS:
C:\Program Files\Unity 2022.1.4f1\Editor\Unity.exe
-adb2
-batchMode
-noUpm
-name
AssetImportWorker2
-projectPath
C:/Users/e021351l/Documents/GitHub/P3_Platformer
-logFile
Logs/AssetImportWorker2.log
-srvPort
56116
Successfully changed project path to: C:/Users/e021351l/Documents/GitHub/P3_Platformer
C:/Users/e021351l/Documents/GitHub/P3_Platformer
[UnityMemory] Configuration Parameters - Can be set up in boot.config
    "memorysetup-bucket-allocator-granularity=16"
    "memorysetup-bucket-allocator-bucket-count=8"
    "memorysetup-bucket-allocator-block-size=33554432"
    "memorysetup-bucket-allocator-block-count=8"
    "memorysetup-main-allocator-block-size=16777216"
    "memorysetup-thread-allocator-block-size=16777216"
    "memorysetup-gfx-main-allocator-block-size=16777216"
    "memorysetup-gfx-thread-allocator-block-size=16777216"
    "memorysetup-cache-allocator-block-size=4194304"
    "memorysetup-typetree-allocator-block-size=2097152"
    "memorysetup-profiler-bucket-allocator-granularity=16"
    "memorysetup-profiler-bucket-allocator-bucket-count=8"
    "memorysetup-profiler-bucket-allocator-block-size=33554432"
    "memorysetup-profiler-bucket-allocator-block-count=8"
    "memorysetup-profiler-allocator-block-size=16777216"
    "memorysetup-profiler-editor-allocator-block-size=1048576"
    "memorysetup-temp-allocator-size-main=16777216"
    "memorysetup-job-temp-allocator-block-size=2097152"
    "memorysetup-job-temp-allocator-block-size-background=1048576"
    "memorysetup-job-temp-allocator-reduction-small-platforms=262144"
    "memorysetup-temp-allocator-size-background-worker=32768"
    "memorysetup-temp-allocator-size-job-worker=262144"
    "memorysetup-temp-allocator-size-preload-manager=33554432"
    "memorysetup-temp-allocator-size-nav-mesh-worker=65536"
    "memorysetup-temp-allocator-size-audio-worker=65536"
    "memorysetup-temp-allocator-size-cloud-worker=32768"
    "memorysetup-temp-allocator-size-gi-baking-worker=262144"
    "memorysetup-temp-allocator-size-gfx=262144"
Refreshing native plugins compatible for Editor in 72.77 ms, found 3 plugins.
Preloading 0 native plugins for Editor in 0.00 ms.
Initialize engine version: 2022.1.4f1 (76dd1f94b339)
[Subsystems] Discovering subsystems at path C:/Program Files/Unity 2022.1.4f1/Editor/Data/Resources/UnitySubsystems
[Subsystems] Discovering subsystems at path C:/Users/e021351l/Documents/GitHub/P3_Platformer/Assets
GfxDevice: creating device client; threaded=0; jobified=0
Direct3D:
    Version:  Direct3D 11.0 [level 11.1]
    Renderer: NVIDIA GeForce RTX 3080 (ID=0x2216)
    Vendor:   NVIDIA
    VRAM:     10067 MB
    Driver:   31.0.15.2802
Initialize mono
Mono path[0] = 'C:/Program Files/Unity 2022.1.4f1/Editor/Data/Managed'
Mono path[1] = 'C:/Program Files/Unity 2022.1.4f1/Editor/Data/MonoBleedingEdge/lib/mono/unityjit-win32'
Mono config path = 'C:/Program Files/Unity 2022.1.4f1/Editor/Data/MonoBleedingEdge/etc'
Using monoOptions --debugger-agent=transport=dt_socket,embedding=1,server=y,suspend=n,address=127.0.0.1:56760
Begin MonoManager ReloadAssembly
Registering precompiled unity dll's ...
Register platform support module: C:/Program Files/Unity 2022.1.4f1/Editor/Data/PlaybackEngines/WebGLSupport/UnityEditor.WebGL.Extensions.dll
Register platform support module: C:/Program Files/Unity 2022.1.4f1/Editor/Data/PlaybackEngines/AndroidPlayer/UnityEditor.Android.Extensions.dll
Register platform support module: C:/Program Files/Unity 2022.1.4f1/Editor/Data/PlaybackEngines/WindowsStandaloneSupport/UnityEditor.WindowsStandalone.Extensions.dll
Registered in 0.008602 seconds.
Native extension for WindowsStandalone target not found
Native extension for Android target not found
Native extension for WebGL target not found
Refreshing native plugins compatible for Editor in 51.38 ms, found 3 plugins.
Preloading 0 native plugins for Editor in 0.00 ms.
Mono: successfully reloaded assembly
- Completed reload, in  0.672 seconds
Domain Reload Profiling:
	ReloadAssembly (673ms)
		BeginReloadAssembly (89ms)
			ExecutionOrderSort (0ms)
			DisableScriptedObjects (0ms)
			BackupInstance (0ms)
			ReleaseScriptingObjects (0ms)
			CreateAndSetChildDomain (1ms)
		EndReloadAssembly (460ms)
			LoadAssemblies (87ms)
			RebuildTransferFunctionScriptingTraits (0ms)
			SetupTypeCache (136ms)
				TypeCache.Initialize (136ms)
					TypeCache.ScanAssembly (133ms)
				ResolveRequiredComponents (1ms)
			ReleaseScriptCaches (0ms)
			RebuildScriptCaches (25ms)
			SetupLoadedEditorAssemblies (244ms)
				LogAssemblyErrors (0ms)
				InitializePlatformSupportModulesInManaged (45ms)
				SetLoadedEditorAssemblies (6ms)
				RefreshPlugins (51ms)
				BeforeProcessingInitializeOnLoad (1ms)
				ProcessInitializeOnLoadAttributes (100ms)
				ProcessInitializeOnLoadMethodAttributes (40ms)
				AfterProcessingInitializeOnLoad (0ms)
				EditorAssembliesLoaded (0ms)
			ExecutionOrderSort2 (0ms)
			AwakeInstancesAfterBackupRestoration (0ms)
Platform modules already initialized, skipping
Registering precompiled user dll's ...
Registered in 0.005260 seconds.
Begin MonoManager ReloadAssembly
Native extension for WindowsStandalone target not found
Native extension for Android target not found
Native extension for WebGL target not found
Refreshing native plugins compatible for Editor in 49.16 ms, found 3 plugins.
Preloading 0 native plugins for Editor in 0.00 ms.
Mono: successfully reloaded assembly
- Completed reload, in  6.011 seconds
Domain Reload Profiling:
	ReloadAssembly (6012ms)
		BeginReloadAssembly (107ms)
			ExecutionOrderSort (0ms)
			DisableScriptedObjects (5ms)
			BackupInstance (0ms)
			ReleaseScriptingObjects (0ms)
			CreateAndSetChildDomain (19ms)
		EndReloadAssembly (5791ms)
			LoadAssemblies (3189ms)
			RebuildTransferFunctionScriptingTraits (0ms)
			SetupTypeCache (851ms)
				TypeCache.Initialize (848ms)
					TypeCache.ScanAssembly (844ms)
				ResolveRequiredComponents (4ms)
			ReleaseScriptCaches (1ms)
			RebuildScriptCaches (57ms)
			SetupLoadedEditorAssemblies (1630ms)
				LogAssemblyErrors (0ms)
				InitializePlatformSupportModulesInManaged (14ms)
				SetLoadedEditorAssemblies (5ms)
				RefreshPlugins (49ms)
				BeforeProcessingInitializeOnLoad (86ms)
				ProcessInitializeOnLoadAttributes (428ms)
				ProcessInitializeOnLoadMethodAttributes (1040ms)
				AfterProcessingInitializeOnLoad (7ms)
				EditorAssembliesLoaded (0ms)
			ExecutionOrderSort2 (0ms)
			AwakeInstancesAfterBackupRestoration (5ms)
Platform modules already initialized, skipping
========================================================================
Worker process is ready to serve import requests
Launched and connected shader compiler UnityShaderCompiler.exe after 0.05 seconds
Refreshing native plugins compatible for Editor in 1.05 ms, found 3 plugins.
Preloading 0 native plugins for Editor in 0.00 ms.
Unloading 2885 Unused Serialized files (Serialized files now loaded: 0)
Unloading 50 unused Assets / (130.8 KB). Loaded Objects now: 3350.
Memory consumption went from 475.7 MB to 475.6 MB.
Total: 5.527300 ms (FindLiveObjects: 0.348300 ms CreateObjectMapping: 0.239700 ms MarkObjects: 4.789300 ms  DeleteObjects: 0.148200 ms)

AssetImportParameters requested are different than current active one (requested -> active):
  custom:video-decoder-ogg-theora: a1e56fd34408186e4bbccfd4996cb3dc -> 
  custom:container-muxer-webm: aa71ff27fc2769a1b78a27578f13a17b -> 
  custom:container-demuxer-webm: 4f35f7cbe854078d1ac9338744f61a02 -> 
  custom:video-encoder-webm-vp8: eb34c28f22e8b96e1ab97ce403110664 -> 
  custom:audio-encoder-webm-vorbis: bf7c407c2cedff20999df2af8eb42d56 -> 
  custom:framework-win-MediaFoundation: 216162199b28c13a410421893ffa2e32 -> 
  custom:container-demuxer-ogg: 62fdf1f143b41e24485cea50d1cbac27 -> 
  custom:video-decoder-webm-vp8: 9c59270c3fd7afecdb556c50c9e8de78 -> 
  custom:audio-decoder-ogg-vorbis: bf7c407c2cedff20999df2af8eb42d56 -> 
========================================================================
Received Import Request.
  Time since last request: 44550.361803 seconds.
  path: Assets/Scenes/ParallaxPlatformer.unity
  artifactKey: Guid(029f1fb8a15b89b4e8db1a59de0da908) Importer(815301076,1909f56bfc062723c751e8b465ee728b)
Start importing Assets/Scenes/ParallaxPlatformer.unity using Guid(029f1fb8a15b89b4e8db1a59de0da908) Importer(815301076,1909f56bfc062723c751e8b465ee728b)  -> (artifact id: '530ea0c977dd17b625e5ff30fd2be5f8') in 0.008941 seconds 
========================================================================
Received Import Request.
  Time since last request: 17.785618 seconds.
  path: Assets/Scripts/MenuControls.inputactions
  artifactKey: Guid(b778c9332d85d934a9933caccc2122d9) Importer(815301076,1909f56bfc062723c751e8b465ee728b)
Start importing Assets/Scripts/MenuControls.inputactions using Guid(b778c9332d85d934a9933caccc2122d9) Importer(815301076,1909f56bfc062723c751e8b465ee728b)  -> (artifact id: '471dcf35b2ed3ec00cfacc0270987893') in 0.028317 seconds 
========================================================================
Received Import Request.
  Time since last request: 1.117700 seconds.
  path: Assets/Sprites/Environment
  artifactKey: Guid(7174750bdca91466fa784bba50da49b4) Importer(815301076,1909f56bfc062723c751e8b465ee728b)
Start importing Assets/Sprites/Environment using Guid(7174750bdca91466fa784bba50da49b4) Importer(815301076,1909f56bfc062723c751e8b465ee728b)  -> (artifact id: 'e00508da33957607b0300da5cc8c3330') in 0.006438 seconds 
========================================================================
Received Import Request.
  Time since last request: 0.127476 seconds.
  path: Assets/Sprites/Environment/abwsx3mzcgs21.png
  artifactKey: Guid(799089a8e55eb254fa01d1dfed159cb4) Importer(815301076,1909f56bfc062723c751e8b465ee728b)
Start importing Assets/Sprites/Environment/abwsx3mzcgs21.png using Guid(799089a8e55eb254fa01d1dfed159cb4) Importer(815301076,1909f56bfc062723c751e8b465ee728b)  -> (artifact id: '010d4bcce29d7c07fe27c2928e7af654') in 0.495774 seconds 
========================================================================
Received Import Request.
  Time since last request: 0.000025 seconds.
  path: Assets/Sprites/Environment/abwsx3mzcgs21_48.asset
  artifactKey: Guid(a8e98be1c3537f84f9ed280080241f4f) Importer(815301076,1909f56bfc062723c751e8b465ee728b)
Start importing Assets/Sprites/Environment/abwsx3mzcgs21_48.asset using Guid(a8e98be1c3537f84f9ed280080241f4f) Importer(815301076,1909f56bfc062723c751e8b465ee728b)  -> (artifact id: '2959de5cdd63279a88eeb6335f4067e7') in 0.039183 seconds 
========================================================================
Received Import Request.
  Time since last request: 0.000041 seconds.
  path: Assets/Sprites/Environment/abwsx3mzcgs21_32.asset
  artifactKey: Guid(c3a3b12a772f74f4382358c9d19db850) Importer(815301076,1909f56bfc062723c751e8b465ee728b)
Start importing Assets/Sprites/Environment/abwsx3mzcgs21_32.asset using Guid(c3a3b12a772f74f4382358c9d19db850) Importer(815301076,1909f56bfc062723c751e8b465ee728b)  -> (artifact id: '3af8afe7487b22ff172a7ff8397e17f5') in 0.020746 seconds 
========================================================================
Received Import Request.
  Time since last request: 0.000017 seconds.
  path: Assets/Sprites/Environment/abwsx3mzcgs21_33.asset
  artifactKey: Guid(76c700af87e2b9c4c86a6813406f8dd1) Importer(815301076,1909f56bfc062723c751e8b465ee728b)
Start importing Assets/Sprites/Environment/abwsx3mzcgs21_33.asset using Guid(76c700af87e2b9c4c86a6813406f8dd1) Importer(815301076,1909f56bfc062723c751e8b465ee728b)  -> (artifact id: 'ae3dc167b3c6b9588973970fe13faf03') in 0.020010 seconds 
========================================================================
Received Import Request.
  Time since last request: 0.000021 seconds.
  path: Assets/Sprites/Environment/abwsx3mzcgs21_11.asset
  artifactKey: Guid(300bbef3969d2294caaa65f4823ea38c) Importer(815301076,1909f56bfc062723c751e8b465ee728b)
Start importing Assets/Sprites/Environment/abwsx3mzcgs21_11.asset using Guid(300bbef3969d2294caaa65f4823ea38c) Importer(815301076,1909f56bfc062723c751e8b465ee728b)  -> (artifact id: '2340f4a9b5ed0632ce53ac33784d1cf5') in 0.017229 seconds 
========================================================================
Received Import Request.
  Time since last request: 0.000031 seconds.
  path: Assets/Sprites/Environment/abwsx3mzcgs21_42.asset
  artifactKey: Guid(b5580b6dc38c95e438ee85b249ec9d75) Importer(815301076,1909f56bfc062723c751e8b465ee728b)
Start importing Assets/Sprites/Environment/abwsx3mzcgs21_42.asset using Guid(b5580b6dc38c95e438ee85b249ec9d75) Importer(815301076,1909f56bfc062723c751e8b465ee728b)  -> (artifact id: '5c6e8df5d02d071480d3396d03f09c2d') in 0.018880 seconds 
========================================================================
Received Import Request.
  Time since last request: 0.000027 seconds.
  path: Assets/Sprites/Environment/New Palette.prefab
  artifactKey: Guid(8b5560a9ab2e8784485d9f4d24bac682) Importer(815301076,1909f56bfc062723c751e8b465ee728b)
Start importing Assets/Sprites/Environment/New Palette.prefab using Guid(8b5560a9ab2e8784485d9f4d24bac682) Importer(815301076,1909f56bfc062723c751e8b465ee728b)  -> (artifact id: '95eaff7b051a0b6eab902839d1f2fe5c') in 0.185368 seconds 
========================================================================
Received Import Request.
  Time since last request: 0.000036 seconds.
  path: Assets/Sprites/Environment/abwsx3mzcgs21_43.asset
  artifactKey: Guid(934998a607aa4114194c76a58ac44b68) Importer(815301076,1909f56bfc062723c751e8b465ee728b)
Start importing Assets/Sprites/Environment/abwsx3mzcgs21_43.asset using Guid(934998a607aa4114194c76a58ac44b68) Importer(815301076,1909f56bfc062723c751e8b465ee728b)  -> (artifact id: 'c9f38be9cb9a9a9d4e679c3062e2c1af') in 0.022068 seconds 
========================================================================
Received Import Request.
  Time since last request: 0.000039 seconds.
  path: Assets/Sprites/Environment/crate.asset
  artifactKey: Guid(2f0ef738d83b2f8409264d3a6d6391fa) Importer(815301076,1909f56bfc062723c751e8b465ee728b)
Start importing Assets/Sprites/Environment/crate.asset using Guid(2f0ef738d83b2f8409264d3a6d6391fa) Importer(815301076,1909f56bfc062723c751e8b465ee728b)  -> (artifact id: '838bb149e456797956203bdab8421dd8') in 0.020470 seconds 
========================================================================
Received Import Request.
  Time since last request: 0.000021 seconds.
  path: Assets/Sprites/Environment/abwsx3mzcgs21_45.asset
  artifactKey: Guid(0d661cda797da4648b1545c6cd00f656) Importer(815301076,1909f56bfc062723c751e8b465ee728b)
Start importing Assets/Sprites/Environment/abwsx3mzcgs21_45.asset using Guid(0d661cda797da4648b1545c6cd00f656) Importer(815301076,1909f56bfc062723c751e8b465ee728b)  -> (artifact id: 'cbdfa7080204f370ac504224a95cd65f') in 0.015604 seconds 
========================================================================
Received Import Request.
  Time since last request: 0.000026 seconds.
  path: Assets/Sprites/Environment/abwsx3mzcgs21_35.asset
  artifactKey: Guid(dc497f658e440e643afa6820382ce504) Importer(815301076,1909f56bfc062723c751e8b465ee728b)
Start importing Assets/Sprites/Environment/abwsx3mzcgs21_35.asset using Guid(dc497f658e440e643afa6820382ce504) Importer(815301076,1909f56bfc062723c751e8b465ee728b)  -> (artifact id: '19adc33d499892c715e3373904f5ea17') in 0.024117 seconds 
========================================================================
Received Import Request.
  Time since last request: 0.000024 seconds.
  path: Assets/Sprites/Environment/middle.png
  artifactKey: Guid(de41d366c687a46beb6a9acaa88c12db) Importer(815301076,1909f56bfc062723c751e8b465ee728b)
Start importing Assets/Sprites/Environment/middle.png using Guid(de41d366c687a46beb6a9acaa88c12db) Importer(815301076,1909f56bfc062723c751e8b465ee728b)  -> (artifact id: '14809ae866d28ea35bd3e232e66980b8') in 0.024342 seconds 
========================================================================
Received Import Request.
  Time since last request: 0.000029 seconds.
  path: Assets/Sprites/Environment/tileset-sliced.png
  artifactKey: Guid(261212b977f594d5dbc48631a5c1295c) Importer(815301076,1909f56bfc062723c751e8b465ee728b)
Start importing Assets/Sprites/Environment/tileset-sliced.png using Guid(261212b977f594d5dbc48631a5c1295c) Importer(815301076,1909f56bfc062723c751e8b465ee728b)  -> (artifact id: '19732085f7737214b671c9c5b462527a') in 0.375979 seconds 
========================================================================
Received Import Request.
  Time since last request: 0.000028 seconds.
  path: Assets/Sprites/Environment/abwsx3mzcgs21_9.asset
  artifactKey: Guid(94686b18b18b3e14f91339b2a15924e8) Importer(815301076,1909f56bfc062723c751e8b465ee728b)
Start importing Assets/Sprites/Environment/abwsx3mzcgs21_9.asset using Guid(94686b18b18b3e14f91339b2a15924e8) Importer(815301076,1909f56bfc062723c751e8b465ee728b)  -> (artifact id: 'ee4c69c6dfad73ee8742dd595ba2960b') in 0.018256 seconds 
========================================================================
Received Import Request.
  Time since last request: 0.000029 seconds.
  path: Assets/Sprites/Environment/abwsx3mzcgs21_41.asset
  artifactKey: Guid(b04198657f97b904c97f0f4df61533b9) Importer(815301076,1909f56bfc062723c751e8b465ee728b)
Start importing Assets/Sprites/Environment/abwsx3mzcgs21_41.asset using Guid(b04198657f97b904c97f0f4df61533b9) Importer(815301076,1909f56bfc062723c751e8b465ee728b)  -> (artifact id: 'b391625433854ff2ff33b01ad019a8a6') in 0.016717 seconds 
========================================================================
Received Import Request.
  Time since last request: 0.000024 seconds.
  path: Assets/Sprites/Environment/abwsx3mzcgs21_22.asset
  artifactKey: Guid(62bd5fb306aee4846ac15110604f4884) Importer(815301076,1909f56bfc062723c751e8b465ee728b)
Start importing Assets/Sprites/Environment/abwsx3mzcgs21_22.asset using Guid(62bd5fb306aee4846ac15110604f4884) Importer(815301076,1909f56bfc062723c751e8b465ee728b)  -> (artifact id: '1684c4b6d77b8ce2cd4b5cfc48e986d2') in 0.016959 seconds 
========================================================================
Received Import Request.
  Time since last request: 0.000022 seconds.
  path: Assets/Sprites/Environment/abwsx3mzcgs21_6.asset
  artifactKey: Guid(0d797b6977103a54682a634b9b58d320) Importer(815301076,1909f56bfc062723c751e8b465ee728b)
Start importing Assets/Sprites/Environment/abwsx3mzcgs21_6.asset using Guid(0d797b6977103a54682a634b9b58d320) Importer(815301076,1909f56bfc062723c751e8b465ee728b)  -> (artifact id: '98e2cb86592d2f68998db493be3319db') in 0.017129 seconds 
========================================================================
Received Import Request.
  Time since last request: 0.000029 seconds.
  path: Assets/Sprites/Environment/abwsx3mzcgs21_40.asset
  artifactKey: Guid(c6a753dd934fb4a408fce1d6bbffc1a9) Importer(815301076,1909f56bfc062723c751e8b465ee728b)
Start importing Assets/Sprites/Environment/abwsx3mzcgs21_40.asset using Guid(c6a753dd934fb4a408fce1d6bbffc1a9) Importer(815301076,1909f56bfc062723c751e8b465ee728b)  -> (artifact id: '6bc91d020159a8ace3be50c6770494f8') in 0.017079 seconds 
========================================================================
Received Import Request.
  Time since last request: 0.000021 seconds.
  path: Assets/Sprites/Environment/abwsx3mzcgs21_36.asset
  artifactKey: Guid(49fa4e527c20f204abfda49ae3b9c8d1) Importer(815301076,1909f56bfc062723c751e8b465ee728b)
Start importing Assets/Sprites/Environment/abwsx3mzcgs21_36.asset using Guid(49fa4e527c20f204abfda49ae3b9c8d1) Importer(815301076,1909f56bfc062723c751e8b465ee728b)  -> (artifact id: '3ef66264c699ebbabcd15bd942f06ac0') in 0.016581 seconds 
========================================================================
Received Import Request.
  Time since last request: 0.000022 seconds.
  path: Assets/Sprites/Environment/back.png
  artifactKey: Guid(8e160a2a620644cd6afef9119dad1093) Importer(815301076,1909f56bfc062723c751e8b465ee728b)
Start importing Assets/Sprites/Environment/back.png using Guid(8e160a2a620644cd6afef9119dad1093) Importer(815301076,1909f56bfc062723c751e8b465ee728b)  -> (artifact id: '876ed71c3c524da9038ffabe0ca8d624') in 0.024167 seconds 
========================================================================
Received Import Request.
  Time since last request: 0.000024 seconds.
  path: Assets/Sprites/Environment/abwsx3mzcgs21_7.asset
  artifactKey: Guid(8c2945ca4307e0f42a0ce05c75852fd0) Importer(815301076,1909f56bfc062723c751e8b465ee728b)
Start importing Assets/Sprites/Environment/abwsx3mzcgs21_7.asset using Guid(8c2945ca4307e0f42a0ce05c75852fd0) Importer(815301076,1909f56bfc062723c751e8b465ee728b)  -> (artifact id: '679c54d2084b04b881660f2fa822ecf4') in 0.021144 seconds 
========================================================================
Received Import Request.
  Time since last request: 0.000027 seconds.
  path: Assets/Sprites/Environment/abwsx3mzcgs21_26.asset
  artifactKey: Guid(5b5d2354e256bf64e8c3704c337017dc) Importer(815301076,1909f56bfc062723c751e8b465ee728b)
Start importing Assets/Sprites/Environment/abwsx3mzcgs21_26.asset using Guid(5b5d2354e256bf64e8c3704c337017dc) Importer(815301076,1909f56bfc062723c751e8b465ee728b)  -> (artifact id: '8e7debcae53233e3e5b965f5954e56fa') in 0.020254 seconds 
========================================================================
Received Import Request.
  Time since last request: 0.000024 seconds.
  path: Assets/Sprites/Environment/abwsx3mzcgs21_30.asset
  artifactKey: Guid(55a7e91a8e6f4774e8a8fdd8144cbf98) Importer(815301076,1909f56bfc062723c751e8b465ee728b)
Start importing Assets/Sprites/Environment/abwsx3mzcgs21_30.asset using Guid(55a7e91a8e6f4774e8a8fdd8144cbf98) Importer(815301076,1909f56bfc062723c751e8b465ee728b)  -> (artifact id: '8f69490a106f13543ec3b0bb6bd65bba') in 0.017024 seconds 
========================================================================
Received Import Request.
  Time since last request: 0.000030 seconds.
  path: Assets/Sprites/Environment/abwsx3mzcgs21_4.asset
  artifactKey: Guid(e6df9ba122d193345bbcf349f7720a27) Importer(815301076,1909f56bfc062723c751e8b465ee728b)
Start importing Assets/Sprites/Environment/abwsx3mzcgs21_4.asset using Guid(e6df9ba122d193345bbcf349f7720a27) Importer(815301076,1909f56bfc062723c751e8b465ee728b)  -> (artifact id: '8b4917b40a30f32912db511d973698d1') in 0.019110 seconds 
========================================================================
Received Import Request.
  Time since last request: 0.000041 seconds.
  path: Assets/Sprites/Environment/abwsx3mzcgs21_23.asset
  artifactKey: Guid(1f78a93d9964b384c8ceffce11f4b66d) Importer(815301076,1909f56bfc062723c751e8b465ee728b)
Start importing Assets/Sprites/Environment/abwsx3mzcgs21_23.asset using Guid(1f78a93d9964b384c8ceffce11f4b66d) Importer(815301076,1909f56bfc062723c751e8b465ee728b)  -> (artifact id: '003318e96eb11845ad4e0b42a58214f9') in 0.017929 seconds 
========================================================================
Received Import Request.
  Time since last request: 0.134445 seconds.
  path: Assets/Sprites/Environment/props
  artifactKey: Guid(15e7312e0607f4e84aeacdc44a70744c) Importer(815301076,1909f56bfc062723c751e8b465ee728b)
Start importing Assets/Sprites/Environment/props using Guid(15e7312e0607f4e84aeacdc44a70744c) Importer(815301076,1909f56bfc062723c751e8b465ee728b)  -> (artifact id: '19495951d3cc354aa8f182311dafadd4') in 0.008529 seconds 
========================================================================
Received Import Request.
  Time since last request: 0.050512 seconds.
  path: Assets/Sprites/Environment/props/big-crate.png
  artifactKey: Guid(3fc2bbd409bf34ab6af1637bab569da1) Importer(815301076,1909f56bfc062723c751e8b465ee728b)
Start importing Assets/Sprites/Environment/props/big-crate.png using Guid(3fc2bbd409bf34ab6af1637bab569da1) Importer(815301076,1909f56bfc062723c751e8b465ee728b)  -> (artifact id: '3dd79070c7fab32bfa3569761d5987a5') in 0.019767 seconds 
========================================================================
Received Import Request.
  Time since last request: 0.000023 seconds.
  path: Assets/Sprites/Environment/props/block-big.png
  artifactKey: Guid(5bccf13ce09bd43e39c1c3416d5de92c) Importer(815301076,1909f56bfc062723c751e8b465ee728b)
Start importing Assets/Sprites/Environment/props/block-big.png using Guid(5bccf13ce09bd43e39c1c3416d5de92c) Importer(815301076,1909f56bfc062723c751e8b465ee728b)  -> (artifact id: 'cae07be9b635eb0d8a3919e2701fcf84') in 0.016868 seconds 
========================================================================
Received Import Request.
  Time since last request: 0.000023 seconds.
  path: Assets/Sprites/Environment/props/door.png
  artifactKey: Guid(8a26d60fb45014bcd9bb392106f7c98b) Importer(815301076,1909f56bfc062723c751e8b465ee728b)
Start importing Assets/Sprites/Environment/props/door.png using Guid(8a26d60fb45014bcd9bb392106f7c98b) Importer(815301076,1909f56bfc062723c751e8b465ee728b)  -> (artifact id: '1719f86a3c91082bca35fc02e8cc82b3') in 0.017227 seconds 
========================================================================
Received Import Request.
  Time since last request: 0.000023 seconds.
  path: Assets/Sprites/Environment/props/platform-long.png
  artifactKey: Guid(15fdc3c0ac15e4a62b3f968392db8b58) Importer(815301076,1909f56bfc062723c751e8b465ee728b)
Start importing Assets/Sprites/Environment/props/platform-long.png using Guid(15fdc3c0ac15e4a62b3f968392db8b58) Importer(815301076,1909f56bfc062723c751e8b465ee728b)  -> (artifact id: '838aeca3fa0daf2d279853da39ed7273') in 0.017009 seconds 
========================================================================
Received Import Request.
  Time since last request: 0.000032 seconds.
  path: Assets/Sprites/Environment/props/sign.png
  artifactKey: Guid(42820af2772f24bda991ed7de294c2fd) Importer(815301076,1909f56bfc062723c751e8b465ee728b)
Start importing Assets/Sprites/Environment/props/sign.png using Guid(42820af2772f24bda991ed7de294c2fd) Importer(815301076,1909f56bfc062723c751e8b465ee728b)  -> (artifact id: '5e5e6175cb9fb621b9b63b29145801cd') in 0.019496 seconds 
========================================================================
Received Import Request.
  Time since last request: 0.000032 seconds.
  path: Assets/Sprites/Environment/props/spikes-top.png
  artifactKey: Guid(c6803a2a3fe7f45e786b788e8ddb6771) Importer(815301076,1909f56bfc062723c751e8b465ee728b)
Start importing Assets/Sprites/Environment/props/spikes-top.png using Guid(c6803a2a3fe7f45e786b788e8ddb6771) Importer(815301076,1909f56bfc062723c751e8b465ee728b)  -> (artifact id: '457312f61bb66e6bd73e0ad140599b7f') in 0.019086 seconds 
========================================================================
Received Import Request.
  Time since last request: 0.000028 seconds.
  path: Assets/Sprites/Environment/props/skulls.png
  artifactKey: Guid(a86fabb3151544d25b4310ff397f732a) Importer(815301076,1909f56bfc062723c751e8b465ee728b)
Start importing Assets/Sprites/Environment/props/skulls.png using Guid(a86fabb3151544d25b4310ff397f732a) Importer(815301076,1909f56bfc062723c751e8b465ee728b)  -> (artifact id: '9f01274e9df5c020086ef7d15300e2c8') in 0.018825 seconds 
========================================================================
Received Import Request.
  Time since last request: 0.000023 seconds.
  path: Assets/Sprites/Environment/props/rock.png
  artifactKey: Guid(3604a08945c65491a9ffb90ad9a8ff57) Importer(815301076,1909f56bfc062723c751e8b465ee728b)
Start importing Assets/Sprites/Environment/props/rock.png using Guid(3604a08945c65491a9ffb90ad9a8ff57) Importer(815301076,1909f56bfc062723c751e8b465ee728b)  -> (artifact id: '83c8f7401fe5680e28a98dc28ea607e4') in 0.019282 seconds 
========================================================================
Received Import Request.
  Time since last request: 0.000026 seconds.
  path: Assets/Sprites/Environment/props/bush.png
  artifactKey: Guid(ecc204495234d40f091d828790c56287) Importer(815301076,1909f56bfc062723c751e8b465ee728b)
Start importing Assets/Sprites/Environment/props/bush.png using Guid(ecc204495234d40f091d828790c56287) Importer(815301076,1909f56bfc062723c751e8b465ee728b)  -> (artifact id: 'd9694216d1f838aec74531c61420d8d7') in 0.020615 seconds 
========================================================================
Received Import Request.
  Time since last request: 0.000026 seconds.
  path: Assets/Sprites/Environment/props/crank-up.png
  artifactKey: Guid(441a2d89600064d4d9ced045b19d0ae6) Importer(815301076,1909f56bfc062723c751e8b465ee728b)
Start importing Assets/Sprites/Environment/props/crank-up.png using Guid(441a2d89600064d4d9ced045b19d0ae6) Importer(815301076,1909f56bfc062723c751e8b465ee728b)  -> (artifact id: 'bcbad45fb30e31c0828b30386dfc3f88') in 0.018908 seconds 
========================================================================
Received Import Request.
  Time since last request: 9.206285 seconds.
  path: Assets/Prefabs/Cherry.prefab
  artifactKey: Guid(579077bb07c6530479b2648f9eef4bf2) Importer(815301076,1909f56bfc062723c751e8b465ee728b)
Start importing Assets/Prefabs/Cherry.prefab using Guid(579077bb07c6530479b2648f9eef4bf2) Importer(815301076,1909f56bfc062723c751e8b465ee728b)  -> (artifact id: '421418de0054039f1a707dc2f02648a9') in 0.078110 seconds 
Editor requested this worker to shutdown with reason: Scaling down because of idle timeout
AssetImportWorker is now disconnected from the server
Process exiting
Exiting without the bug reporter. Application will terminate with return code 0